{"/Users/KoldoCastillo/bootcamp/collab/skylab-bootcamp-201807/staff/sergio-castillo/compete/compete-app/src/logic/index.spec.js":{"path":"/Users/KoldoCastillo/bootcamp/collab/skylab-bootcamp-201807/staff/sergio-castillo/compete/compete-app/src/logic/index.spec.js","statementMap":{"0":{"start":{"line":1,"column":0},"end":{"line":1,"column":26}},"1":{"start":{"line":2,"column":0},"end":{"line":2,"column":27}},"2":{"start":{"line":3,"column":19},"end":{"line":3,"column":34}},"3":{"start":{"line":4,"column":14},"end":{"line":4,"column":26}},"4":{"start":{"line":5,"column":12},"end":{"line":5,"column":35}},"5":{"start":{"line":7,"column":0},"end":{"line":953,"column":2}},"6":{"start":{"line":9,"column":27},"end":{"line":9,"column":38}},"7":{"start":{"line":11,"column":16},"end":{"line":11,"column":59}},"8":{"start":{"line":12,"column":17},"end":{"line":12,"column":41}},"9":{"start":{"line":13,"column":20},"end":{"line":13,"column":46}},"10":{"start":{"line":14,"column":16},"end":{"line":14,"column":18}},"11":{"start":{"line":15,"column":19},"end":{"line":15,"column":25}},"12":{"start":{"line":16,"column":19},"end":{"line":16,"column":22}},"13":{"start":{"line":17,"column":19},"end":{"line":17,"column":21}},"14":{"start":{"line":18,"column":21},"end":{"line":18,"column":31}},"15":{"start":{"line":19,"column":24},"end":{"line":19,"column":25}},"16":{"start":{"line":20,"column":18},"end":{"line":20,"column":40}},"17":{"start":{"line":24,"column":4},"end":{"line":27,"column":6}},"18":{"start":{"line":26,"column":8},"end":{"line":26,"column":69}},"19":{"start":{"line":33,"column":4},"end":{"line":111,"column":6}},"20":{"start":{"line":34,"column":8},"end":{"line":37,"column":9}},"21":{"start":{"line":35,"column":12},"end":{"line":36,"column":52}},"22":{"start":{"line":36,"column":29},"end":{"line":36,"column":51}},"23":{"start":{"line":39,"column":8},"end":{"line":47,"column":9}},"24":{"start":{"line":40,"column":12},"end":{"line":46,"column":18}},"25":{"start":{"line":41,"column":28},"end":{"line":41,"column":59}},"26":{"start":{"line":42,"column":30},"end":{"line":42,"column":33}},"27":{"start":{"line":44,"column":20},"end":{"line":44,"column":40}},"28":{"start":{"line":45,"column":20},"end":{"line":45,"column":107}},"29":{"start":{"line":49,"column":8},"end":{"line":56,"column":9}},"30":{"start":{"line":50,"column":12},"end":{"line":55,"column":18}},"31":{"start":{"line":51,"column":30},"end":{"line":51,"column":33}},"32":{"start":{"line":53,"column":20},"end":{"line":53,"column":40}},"33":{"start":{"line":54,"column":20},"end":{"line":54,"column":76}},"34":{"start":{"line":58,"column":8},"end":{"line":65,"column":9}},"35":{"start":{"line":59,"column":12},"end":{"line":64,"column":18}},"36":{"start":{"line":60,"column":30},"end":{"line":60,"column":33}},"37":{"start":{"line":62,"column":20},"end":{"line":62,"column":40}},"38":{"start":{"line":63,"column":20},"end":{"line":63,"column":76}},"39":{"start":{"line":67,"column":8},"end":{"line":74,"column":9}},"40":{"start":{"line":68,"column":12},"end":{"line":73,"column":18}},"41":{"start":{"line":69,"column":30},"end":{"line":69,"column":33}},"42":{"start":{"line":71,"column":20},"end":{"line":71,"column":40}},"43":{"start":{"line":72,"column":20},"end":{"line":72,"column":76}},"44":{"start":{"line":76,"column":8},"end":{"line":83,"column":10}},"45":{"start":{"line":77,"column":12},"end":{"line":82,"column":18}},"46":{"start":{"line":78,"column":30},"end":{"line":78,"column":33}},"47":{"start":{"line":80,"column":20},"end":{"line":80,"column":40}},"48":{"start":{"line":81,"column":20},"end":{"line":81,"column":79}},"49":{"start":{"line":85,"column":8},"end":{"line":92,"column":10}},"50":{"start":{"line":86,"column":12},"end":{"line":91,"column":18}},"51":{"start":{"line":87,"column":30},"end":{"line":87,"column":33}},"52":{"start":{"line":89,"column":20},"end":{"line":89,"column":40}},"53":{"start":{"line":90,"column":20},"end":{"line":90,"column":79}},"54":{"start":{"line":94,"column":8},"end":{"line":101,"column":9}},"55":{"start":{"line":95,"column":12},"end":{"line":100,"column":18}},"56":{"start":{"line":96,"column":30},"end":{"line":96,"column":33}},"57":{"start":{"line":98,"column":20},"end":{"line":98,"column":40}},"58":{"start":{"line":99,"column":20},"end":{"line":99,"column":79}},"59":{"start":{"line":103,"column":8},"end":{"line":110,"column":9}},"60":{"start":{"line":104,"column":12},"end":{"line":109,"column":18}},"61":{"start":{"line":105,"column":30},"end":{"line":105,"column":33}},"62":{"start":{"line":107,"column":20},"end":{"line":107,"column":40}},"63":{"start":{"line":108,"column":20},"end":{"line":108,"column":118}},"64":{"start":{"line":113,"column":4},"end":{"line":191,"column":6}},"65":{"start":{"line":114,"column":8},"end":{"line":127,"column":9}},"66":{"start":{"line":115,"column":12},"end":{"line":126,"column":18}},"67":{"start":{"line":116,"column":28},"end":{"line":116,"column":63}},"68":{"start":{"line":118,"column":20},"end":{"line":118,"column":40}},"69":{"start":{"line":119,"column":20},"end":{"line":119,"column":55}},"70":{"start":{"line":120,"column":20},"end":{"line":120,"column":52}},"71":{"start":{"line":124,"column":20},"end":{"line":124,"column":92}},"72":{"start":{"line":124,"column":33},"end":{"line":124,"column":76}},"73":{"start":{"line":125,"column":20},"end":{"line":125,"column":56}},"74":{"start":{"line":129,"column":8},"end":{"line":136,"column":9}},"75":{"start":{"line":130,"column":12},"end":{"line":135,"column":18}},"76":{"start":{"line":131,"column":30},"end":{"line":131,"column":33}},"77":{"start":{"line":133,"column":20},"end":{"line":133,"column":40}},"78":{"start":{"line":134,"column":20},"end":{"line":134,"column":107}},"79":{"start":{"line":138,"column":8},"end":{"line":145,"column":9}},"80":{"start":{"line":139,"column":12},"end":{"line":144,"column":18}},"81":{"start":{"line":140,"column":30},"end":{"line":140,"column":33}},"82":{"start":{"line":142,"column":20},"end":{"line":142,"column":40}},"83":{"start":{"line":143,"column":20},"end":{"line":143,"column":76}},"84":{"start":{"line":147,"column":8},"end":{"line":154,"column":9}},"85":{"start":{"line":148,"column":12},"end":{"line":153,"column":18}},"86":{"start":{"line":149,"column":30},"end":{"line":149,"column":33}},"87":{"start":{"line":151,"column":20},"end":{"line":151,"column":40}},"88":{"start":{"line":152,"column":20},"end":{"line":152,"column":76}},"89":{"start":{"line":156,"column":8},"end":{"line":163,"column":9}},"90":{"start":{"line":157,"column":12},"end":{"line":162,"column":18}},"91":{"start":{"line":158,"column":30},"end":{"line":158,"column":33}},"92":{"start":{"line":160,"column":20},"end":{"line":160,"column":40}},"93":{"start":{"line":161,"column":20},"end":{"line":161,"column":76}},"94":{"start":{"line":165,"column":8},"end":{"line":172,"column":9}},"95":{"start":{"line":166,"column":12},"end":{"line":171,"column":18}},"96":{"start":{"line":167,"column":30},"end":{"line":167,"column":33}},"97":{"start":{"line":169,"column":20},"end":{"line":169,"column":40}},"98":{"start":{"line":170,"column":20},"end":{"line":170,"column":79}},"99":{"start":{"line":174,"column":8},"end":{"line":181,"column":9}},"100":{"start":{"line":175,"column":12},"end":{"line":180,"column":18}},"101":{"start":{"line":176,"column":30},"end":{"line":176,"column":33}},"102":{"start":{"line":178,"column":20},"end":{"line":178,"column":40}},"103":{"start":{"line":179,"column":20},"end":{"line":179,"column":79}},"104":{"start":{"line":183,"column":8},"end":{"line":190,"column":9}},"105":{"start":{"line":184,"column":12},"end":{"line":189,"column":18}},"106":{"start":{"line":185,"column":30},"end":{"line":185,"column":33}},"107":{"start":{"line":187,"column":20},"end":{"line":187,"column":40}},"108":{"start":{"line":188,"column":20},"end":{"line":188,"column":79}},"109":{"start":{"line":193,"column":4},"end":{"line":337,"column":6}},"110":{"start":{"line":194,"column":37},"end":{"line":194,"column":45}},"111":{"start":{"line":195,"column":8},"end":{"line":215,"column":9}},"112":{"start":{"line":196,"column":12},"end":{"line":214,"column":18}},"113":{"start":{"line":197,"column":28},"end":{"line":197,"column":63}},"114":{"start":{"line":199,"column":20},"end":{"line":199,"column":40}},"115":{"start":{"line":200,"column":20},"end":{"line":200,"column":55}},"116":{"start":{"line":201,"column":20},"end":{"line":201,"column":52}},"117":{"start":{"line":204,"column":20},"end":{"line":204,"column":31}},"118":{"start":{"line":205,"column":20},"end":{"line":205,"column":37}},"119":{"start":{"line":207,"column":20},"end":{"line":207,"column":88}},"120":{"start":{"line":207,"column":33},"end":{"line":207,"column":72}},"121":{"start":{"line":208,"column":20},"end":{"line":208,"column":52}},"122":{"start":{"line":209,"column":20},"end":{"line":209,"column":80}},"123":{"start":{"line":212,"column":20},"end":{"line":212,"column":40}},"124":{"start":{"line":213,"column":20},"end":{"line":213,"column":67}},"125":{"start":{"line":217,"column":8},"end":{"line":224,"column":9}},"126":{"start":{"line":218,"column":12},"end":{"line":223,"column":18}},"127":{"start":{"line":219,"column":30},"end":{"line":219,"column":33}},"128":{"start":{"line":221,"column":20},"end":{"line":221,"column":40}},"129":{"start":{"line":222,"column":20},"end":{"line":222,"column":73}},"130":{"start":{"line":225,"column":8},"end":{"line":232,"column":9}},"131":{"start":{"line":226,"column":12},"end":{"line":231,"column":18}},"132":{"start":{"line":227,"column":30},"end":{"line":227,"column":33}},"133":{"start":{"line":229,"column":20},"end":{"line":229,"column":40}},"134":{"start":{"line":230,"column":20},"end":{"line":230,"column":73}},"135":{"start":{"line":233,"column":8},"end":{"line":240,"column":9}},"136":{"start":{"line":234,"column":12},"end":{"line":239,"column":18}},"137":{"start":{"line":235,"column":30},"end":{"line":235,"column":33}},"138":{"start":{"line":237,"column":20},"end":{"line":237,"column":40}},"139":{"start":{"line":238,"column":20},"end":{"line":238,"column":73}},"140":{"start":{"line":242,"column":8},"end":{"line":249,"column":9}},"141":{"start":{"line":243,"column":12},"end":{"line":248,"column":18}},"142":{"start":{"line":244,"column":30},"end":{"line":244,"column":33}},"143":{"start":{"line":246,"column":20},"end":{"line":246,"column":40}},"144":{"start":{"line":247,"column":20},"end":{"line":247,"column":76}},"145":{"start":{"line":251,"column":8},"end":{"line":258,"column":9}},"146":{"start":{"line":252,"column":12},"end":{"line":257,"column":18}},"147":{"start":{"line":253,"column":30},"end":{"line":253,"column":33}},"148":{"start":{"line":255,"column":20},"end":{"line":255,"column":40}},"149":{"start":{"line":256,"column":20},"end":{"line":256,"column":76}},"150":{"start":{"line":260,"column":8},"end":{"line":267,"column":9}},"151":{"start":{"line":261,"column":12},"end":{"line":266,"column":18}},"152":{"start":{"line":262,"column":30},"end":{"line":262,"column":33}},"153":{"start":{"line":264,"column":20},"end":{"line":264,"column":40}},"154":{"start":{"line":265,"column":20},"end":{"line":265,"column":65}},"155":{"start":{"line":269,"column":8},"end":{"line":276,"column":9}},"156":{"start":{"line":270,"column":12},"end":{"line":275,"column":18}},"157":{"start":{"line":271,"column":30},"end":{"line":271,"column":33}},"158":{"start":{"line":273,"column":20},"end":{"line":273,"column":40}},"159":{"start":{"line":274,"column":20},"end":{"line":274,"column":79}},"160":{"start":{"line":277,"column":8},"end":{"line":284,"column":9}},"161":{"start":{"line":278,"column":12},"end":{"line":283,"column":18}},"162":{"start":{"line":279,"column":30},"end":{"line":279,"column":33}},"163":{"start":{"line":281,"column":20},"end":{"line":281,"column":40}},"164":{"start":{"line":282,"column":20},"end":{"line":282,"column":79}},"165":{"start":{"line":285,"column":8},"end":{"line":292,"column":9}},"166":{"start":{"line":286,"column":12},"end":{"line":291,"column":18}},"167":{"start":{"line":287,"column":30},"end":{"line":287,"column":33}},"168":{"start":{"line":289,"column":20},"end":{"line":289,"column":40}},"169":{"start":{"line":290,"column":20},"end":{"line":290,"column":79}},"170":{"start":{"line":294,"column":8},"end":{"line":301,"column":9}},"171":{"start":{"line":295,"column":12},"end":{"line":300,"column":18}},"172":{"start":{"line":296,"column":30},"end":{"line":296,"column":33}},"173":{"start":{"line":298,"column":20},"end":{"line":298,"column":40}},"174":{"start":{"line":299,"column":20},"end":{"line":299,"column":82}},"175":{"start":{"line":303,"column":8},"end":{"line":310,"column":9}},"176":{"start":{"line":304,"column":12},"end":{"line":309,"column":18}},"177":{"start":{"line":305,"column":30},"end":{"line":305,"column":33}},"178":{"start":{"line":307,"column":20},"end":{"line":307,"column":40}},"179":{"start":{"line":308,"column":20},"end":{"line":308,"column":83}},"180":{"start":{"line":311,"column":8},"end":{"line":318,"column":9}},"181":{"start":{"line":312,"column":12},"end":{"line":317,"column":18}},"182":{"start":{"line":313,"column":30},"end":{"line":313,"column":33}},"183":{"start":{"line":315,"column":20},"end":{"line":315,"column":40}},"184":{"start":{"line":316,"column":20},"end":{"line":316,"column":83}},"185":{"start":{"line":319,"column":8},"end":{"line":326,"column":9}},"186":{"start":{"line":320,"column":12},"end":{"line":325,"column":18}},"187":{"start":{"line":321,"column":30},"end":{"line":321,"column":33}},"188":{"start":{"line":323,"column":20},"end":{"line":323,"column":40}},"189":{"start":{"line":324,"column":20},"end":{"line":324,"column":83}},"190":{"start":{"line":328,"column":8},"end":{"line":335,"column":9}},"191":{"start":{"line":329,"column":12},"end":{"line":334,"column":18}},"192":{"start":{"line":330,"column":30},"end":{"line":330,"column":33}},"193":{"start":{"line":332,"column":20},"end":{"line":332,"column":40}},"194":{"start":{"line":333,"column":20},"end":{"line":333,"column":85}},"195":{"start":{"line":339,"column":4},"end":{"line":452,"column":6}},"196":{"start":{"line":340,"column":8},"end":{"line":360,"column":9}},"197":{"start":{"line":341,"column":12},"end":{"line":359,"column":18}},"198":{"start":{"line":342,"column":28},"end":{"line":342,"column":63}},"199":{"start":{"line":344,"column":20},"end":{"line":344,"column":31}},"200":{"start":{"line":345,"column":20},"end":{"line":345,"column":37}},"201":{"start":{"line":346,"column":20},"end":{"line":346,"column":40}},"202":{"start":{"line":347,"column":20},"end":{"line":347,"column":51}},"203":{"start":{"line":348,"column":20},"end":{"line":348,"column":48}},"204":{"start":{"line":352,"column":20},"end":{"line":352,"column":88}},"205":{"start":{"line":352,"column":33},"end":{"line":352,"column":72}},"206":{"start":{"line":353,"column":20},"end":{"line":353,"column":52}},"207":{"start":{"line":354,"column":20},"end":{"line":354,"column":68}},"208":{"start":{"line":357,"column":20},"end":{"line":357,"column":40}},"209":{"start":{"line":358,"column":20},"end":{"line":358,"column":72}},"210":{"start":{"line":362,"column":8},"end":{"line":369,"column":9}},"211":{"start":{"line":363,"column":12},"end":{"line":368,"column":18}},"212":{"start":{"line":364,"column":30},"end":{"line":364,"column":33}},"213":{"start":{"line":366,"column":20},"end":{"line":366,"column":40}},"214":{"start":{"line":367,"column":20},"end":{"line":367,"column":73}},"215":{"start":{"line":371,"column":8},"end":{"line":378,"column":9}},"216":{"start":{"line":372,"column":12},"end":{"line":377,"column":18}},"217":{"start":{"line":373,"column":30},"end":{"line":373,"column":33}},"218":{"start":{"line":375,"column":20},"end":{"line":375,"column":40}},"219":{"start":{"line":376,"column":20},"end":{"line":376,"column":73}},"220":{"start":{"line":380,"column":8},"end":{"line":387,"column":9}},"221":{"start":{"line":381,"column":12},"end":{"line":386,"column":18}},"222":{"start":{"line":382,"column":30},"end":{"line":382,"column":33}},"223":{"start":{"line":384,"column":20},"end":{"line":384,"column":40}},"224":{"start":{"line":385,"column":20},"end":{"line":385,"column":73}},"225":{"start":{"line":389,"column":8},"end":{"line":396,"column":9}},"226":{"start":{"line":390,"column":12},"end":{"line":395,"column":18}},"227":{"start":{"line":391,"column":30},"end":{"line":391,"column":33}},"228":{"start":{"line":393,"column":20},"end":{"line":393,"column":40}},"229":{"start":{"line":394,"column":20},"end":{"line":394,"column":76}},"230":{"start":{"line":398,"column":8},"end":{"line":405,"column":9}},"231":{"start":{"line":399,"column":12},"end":{"line":404,"column":18}},"232":{"start":{"line":400,"column":30},"end":{"line":400,"column":33}},"233":{"start":{"line":402,"column":20},"end":{"line":402,"column":40}},"234":{"start":{"line":403,"column":20},"end":{"line":403,"column":76}},"235":{"start":{"line":407,"column":8},"end":{"line":414,"column":9}},"236":{"start":{"line":408,"column":12},"end":{"line":413,"column":18}},"237":{"start":{"line":409,"column":30},"end":{"line":409,"column":33}},"238":{"start":{"line":411,"column":20},"end":{"line":411,"column":40}},"239":{"start":{"line":412,"column":20},"end":{"line":412,"column":65}},"240":{"start":{"line":416,"column":8},"end":{"line":423,"column":9}},"241":{"start":{"line":417,"column":12},"end":{"line":422,"column":18}},"242":{"start":{"line":418,"column":30},"end":{"line":418,"column":33}},"243":{"start":{"line":420,"column":20},"end":{"line":420,"column":40}},"244":{"start":{"line":421,"column":20},"end":{"line":421,"column":79}},"245":{"start":{"line":425,"column":8},"end":{"line":432,"column":9}},"246":{"start":{"line":426,"column":12},"end":{"line":431,"column":18}},"247":{"start":{"line":427,"column":30},"end":{"line":427,"column":33}},"248":{"start":{"line":429,"column":20},"end":{"line":429,"column":40}},"249":{"start":{"line":430,"column":20},"end":{"line":430,"column":79}},"250":{"start":{"line":434,"column":8},"end":{"line":441,"column":9}},"251":{"start":{"line":435,"column":12},"end":{"line":440,"column":18}},"252":{"start":{"line":436,"column":30},"end":{"line":436,"column":33}},"253":{"start":{"line":438,"column":20},"end":{"line":438,"column":40}},"254":{"start":{"line":439,"column":20},"end":{"line":439,"column":79}},"255":{"start":{"line":456,"column":4},"end":{"line":497,"column":6}},"256":{"start":{"line":457,"column":8},"end":{"line":477,"column":9}},"257":{"start":{"line":458,"column":12},"end":{"line":476,"column":18}},"258":{"start":{"line":459,"column":28},"end":{"line":459,"column":63}},"259":{"start":{"line":461,"column":20},"end":{"line":461,"column":31}},"260":{"start":{"line":462,"column":20},"end":{"line":462,"column":37}},"261":{"start":{"line":463,"column":20},"end":{"line":463,"column":40}},"262":{"start":{"line":464,"column":20},"end":{"line":464,"column":51}},"263":{"start":{"line":465,"column":20},"end":{"line":465,"column":48}},"264":{"start":{"line":469,"column":20},"end":{"line":469,"column":88}},"265":{"start":{"line":469,"column":33},"end":{"line":469,"column":72}},"266":{"start":{"line":470,"column":20},"end":{"line":470,"column":52}},"267":{"start":{"line":471,"column":20},"end":{"line":471,"column":136}},"268":{"start":{"line":474,"column":20},"end":{"line":474,"column":40}},"269":{"start":{"line":475,"column":20},"end":{"line":475,"column":82}},"270":{"start":{"line":478,"column":8},"end":{"line":482,"column":9}},"271":{"start":{"line":479,"column":12},"end":{"line":481,"column":89}},"272":{"start":{"line":480,"column":30},"end":{"line":480,"column":33}},"273":{"start":{"line":481,"column":39},"end":{"line":481,"column":88}},"274":{"start":{"line":484,"column":8},"end":{"line":488,"column":9}},"275":{"start":{"line":485,"column":12},"end":{"line":487,"column":89}},"276":{"start":{"line":486,"column":30},"end":{"line":486,"column":33}},"277":{"start":{"line":487,"column":39},"end":{"line":487,"column":88}},"278":{"start":{"line":490,"column":8},"end":{"line":494,"column":9}},"279":{"start":{"line":491,"column":12},"end":{"line":493,"column":89}},"280":{"start":{"line":492,"column":30},"end":{"line":492,"column":33}},"281":{"start":{"line":493,"column":39},"end":{"line":493,"column":88}},"282":{"start":{"line":499,"column":4},"end":{"line":528,"column":6}},"283":{"start":{"line":500,"column":8},"end":{"line":527,"column":9}},"284":{"start":{"line":501,"column":12},"end":{"line":526,"column":18}},"285":{"start":{"line":502,"column":28},"end":{"line":502,"column":63}},"286":{"start":{"line":504,"column":20},"end":{"line":504,"column":31}},"287":{"start":{"line":505,"column":20},"end":{"line":505,"column":37}},"288":{"start":{"line":506,"column":20},"end":{"line":506,"column":40}},"289":{"start":{"line":507,"column":20},"end":{"line":507,"column":55}},"290":{"start":{"line":508,"column":20},"end":{"line":508,"column":52}},"291":{"start":{"line":511,"column":20},"end":{"line":511,"column":92}},"292":{"start":{"line":511,"column":33},"end":{"line":511,"column":76}},"293":{"start":{"line":512,"column":20},"end":{"line":512,"column":52}},"294":{"start":{"line":513,"column":20},"end":{"line":513,"column":136}},"295":{"start":{"line":516,"column":20},"end":{"line":516,"column":40}},"296":{"start":{"line":517,"column":20},"end":{"line":517,"column":82}},"297":{"start":{"line":518,"column":20},"end":{"line":518,"column":61}},"298":{"start":{"line":521,"column":20},"end":{"line":521,"column":28}},"299":{"start":{"line":522,"column":20},"end":{"line":522,"column":40}},"300":{"start":{"line":523,"column":20},"end":{"line":523,"column":79}},"301":{"start":{"line":524,"column":20},"end":{"line":524,"column":46}},"302":{"start":{"line":525,"column":20},"end":{"line":525,"column":62}},"303":{"start":{"line":530,"column":4},"end":{"line":568,"column":6}},"304":{"start":{"line":532,"column":8},"end":{"line":567,"column":9}},"305":{"start":{"line":533,"column":12},"end":{"line":566,"column":18}},"306":{"start":{"line":534,"column":28},"end":{"line":534,"column":63}},"307":{"start":{"line":536,"column":20},"end":{"line":536,"column":31}},"308":{"start":{"line":537,"column":20},"end":{"line":537,"column":37}},"309":{"start":{"line":538,"column":20},"end":{"line":538,"column":40}},"310":{"start":{"line":539,"column":20},"end":{"line":539,"column":51}},"311":{"start":{"line":540,"column":20},"end":{"line":540,"column":48}},"312":{"start":{"line":542,"column":20},"end":{"line":542,"column":88}},"313":{"start":{"line":542,"column":33},"end":{"line":542,"column":72}},"314":{"start":{"line":543,"column":20},"end":{"line":543,"column":52}},"315":{"start":{"line":544,"column":20},"end":{"line":544,"column":136}},"316":{"start":{"line":547,"column":20},"end":{"line":547,"column":40}},"317":{"start":{"line":548,"column":20},"end":{"line":548,"column":82}},"318":{"start":{"line":549,"column":20},"end":{"line":549,"column":58}},"319":{"start":{"line":552,"column":20},"end":{"line":552,"column":40}},"320":{"start":{"line":553,"column":20},"end":{"line":553,"column":78}},"321":{"start":{"line":554,"column":20},"end":{"line":554,"column":61}},"322":{"start":{"line":555,"column":20},"end":{"line":555,"column":58}},"323":{"start":{"line":556,"column":20},"end":{"line":556,"column":54}},"324":{"start":{"line":557,"column":20},"end":{"line":557,"column":56}},"325":{"start":{"line":558,"column":20},"end":{"line":558,"column":62}},"326":{"start":{"line":559,"column":20},"end":{"line":559,"column":54}},"327":{"start":{"line":560,"column":20},"end":{"line":560,"column":60}},"328":{"start":{"line":561,"column":20},"end":{"line":561,"column":60}},"329":{"start":{"line":562,"column":20},"end":{"line":562,"column":60}},"330":{"start":{"line":563,"column":20},"end":{"line":563,"column":64}},"331":{"start":{"line":564,"column":20},"end":{"line":564,"column":70}},"332":{"start":{"line":565,"column":20},"end":{"line":565,"column":58}},"333":{"start":{"line":570,"column":4},"end":{"line":572,"column":6}},"334":{"start":{"line":574,"column":4},"end":{"line":576,"column":6}},"335":{"start":{"line":578,"column":4},"end":{"line":604,"column":6}},"336":{"start":{"line":580,"column":8},"end":{"line":603,"column":9}},"337":{"start":{"line":581,"column":12},"end":{"line":602,"column":18}},"338":{"start":{"line":582,"column":28},"end":{"line":582,"column":63}},"339":{"start":{"line":584,"column":20},"end":{"line":584,"column":31}},"340":{"start":{"line":585,"column":20},"end":{"line":585,"column":37}},"341":{"start":{"line":586,"column":20},"end":{"line":586,"column":40}},"342":{"start":{"line":587,"column":20},"end":{"line":587,"column":51}},"343":{"start":{"line":588,"column":20},"end":{"line":588,"column":48}},"344":{"start":{"line":590,"column":20},"end":{"line":590,"column":88}},"345":{"start":{"line":590,"column":33},"end":{"line":590,"column":72}},"346":{"start":{"line":591,"column":20},"end":{"line":591,"column":52}},"347":{"start":{"line":592,"column":20},"end":{"line":592,"column":136}},"348":{"start":{"line":595,"column":20},"end":{"line":595,"column":40}},"349":{"start":{"line":596,"column":20},"end":{"line":596,"column":82}},"350":{"start":{"line":597,"column":20},"end":{"line":597,"column":60}},"351":{"start":{"line":600,"column":20},"end":{"line":600,"column":40}},"352":{"start":{"line":601,"column":20},"end":{"line":601,"column":74}},"353":{"start":{"line":608,"column":4},"end":{"line":631,"column":6}},"354":{"start":{"line":609,"column":21},"end":{"line":609,"column":36}},"355":{"start":{"line":610,"column":28},"end":{"line":610,"column":46}},"356":{"start":{"line":611,"column":22},"end":{"line":611,"column":36}},"357":{"start":{"line":612,"column":8},"end":{"line":630,"column":9}},"358":{"start":{"line":613,"column":12},"end":{"line":629,"column":18}},"359":{"start":{"line":614,"column":28},"end":{"line":614,"column":63}},"360":{"start":{"line":616,"column":20},"end":{"line":616,"column":31}},"361":{"start":{"line":617,"column":20},"end":{"line":617,"column":37}},"362":{"start":{"line":618,"column":20},"end":{"line":618,"column":40}},"363":{"start":{"line":619,"column":20},"end":{"line":619,"column":51}},"364":{"start":{"line":620,"column":20},"end":{"line":620,"column":48}},"365":{"start":{"line":622,"column":20},"end":{"line":622,"column":88}},"366":{"start":{"line":622,"column":33},"end":{"line":622,"column":72}},"367":{"start":{"line":623,"column":20},"end":{"line":623,"column":52}},"368":{"start":{"line":624,"column":20},"end":{"line":624,"column":80}},"369":{"start":{"line":627,"column":20},"end":{"line":627,"column":40}},"370":{"start":{"line":628,"column":20},"end":{"line":628,"column":67}},"371":{"start":{"line":633,"column":4},"end":{"line":671,"column":6}},"372":{"start":{"line":634,"column":21},"end":{"line":634,"column":43}},"373":{"start":{"line":635,"column":22},"end":{"line":635,"column":44}},"374":{"start":{"line":636,"column":28},"end":{"line":636,"column":46}},"375":{"start":{"line":637,"column":22},"end":{"line":637,"column":36}},"376":{"start":{"line":638,"column":8},"end":{"line":670,"column":9}},"377":{"start":{"line":639,"column":12},"end":{"line":669,"column":18}},"378":{"start":{"line":640,"column":28},"end":{"line":640,"column":63}},"379":{"start":{"line":642,"column":20},"end":{"line":642,"column":31}},"380":{"start":{"line":643,"column":20},"end":{"line":643,"column":37}},"381":{"start":{"line":644,"column":20},"end":{"line":644,"column":40}},"382":{"start":{"line":645,"column":20},"end":{"line":645,"column":51}},"383":{"start":{"line":646,"column":20},"end":{"line":646,"column":48}},"384":{"start":{"line":648,"column":20},"end":{"line":648,"column":88}},"385":{"start":{"line":648,"column":33},"end":{"line":648,"column":72}},"386":{"start":{"line":649,"column":20},"end":{"line":649,"column":52}},"387":{"start":{"line":650,"column":20},"end":{"line":650,"column":80}},"388":{"start":{"line":653,"column":20},"end":{"line":653,"column":40}},"389":{"start":{"line":654,"column":20},"end":{"line":654,"column":67}},"390":{"start":{"line":655,"column":20},"end":{"line":655,"column":81}},"391":{"start":{"line":658,"column":20},"end":{"line":658,"column":40}},"392":{"start":{"line":659,"column":20},"end":{"line":659,"column":67}},"393":{"start":{"line":660,"column":20},"end":{"line":660,"column":67}},"394":{"start":{"line":663,"column":20},"end":{"line":663,"column":42}},"395":{"start":{"line":664,"column":20},"end":{"line":664,"column":55}},"396":{"start":{"line":665,"column":20},"end":{"line":665,"column":59}},"397":{"start":{"line":666,"column":20},"end":{"line":666,"column":73}},"398":{"start":{"line":667,"column":20},"end":{"line":667,"column":60}},"399":{"start":{"line":668,"column":20},"end":{"line":668,"column":73}},"400":{"start":{"line":673,"column":4},"end":{"line":675,"column":6}},"401":{"start":{"line":677,"column":4},"end":{"line":679,"column":6}},"402":{"start":{"line":681,"column":4},"end":{"line":683,"column":6}},"403":{"start":{"line":685,"column":4},"end":{"line":687,"column":6}},"404":{"start":{"line":689,"column":4},"end":{"line":691,"column":6}},"405":{"start":{"line":693,"column":4},"end":{"line":738,"column":6}},"406":{"start":{"line":695,"column":21},"end":{"line":695,"column":43}},"407":{"start":{"line":696,"column":22},"end":{"line":696,"column":44}},"408":{"start":{"line":697,"column":28},"end":{"line":697,"column":46}},"409":{"start":{"line":698,"column":22},"end":{"line":698,"column":36}},"410":{"start":{"line":699,"column":8},"end":{"line":737,"column":9}},"411":{"start":{"line":700,"column":12},"end":{"line":736,"column":18}},"412":{"start":{"line":701,"column":28},"end":{"line":701,"column":63}},"413":{"start":{"line":703,"column":20},"end":{"line":703,"column":31}},"414":{"start":{"line":704,"column":20},"end":{"line":704,"column":37}},"415":{"start":{"line":705,"column":20},"end":{"line":705,"column":40}},"416":{"start":{"line":706,"column":20},"end":{"line":706,"column":51}},"417":{"start":{"line":707,"column":20},"end":{"line":707,"column":48}},"418":{"start":{"line":709,"column":20},"end":{"line":709,"column":88}},"419":{"start":{"line":709,"column":33},"end":{"line":709,"column":72}},"420":{"start":{"line":710,"column":20},"end":{"line":710,"column":52}},"421":{"start":{"line":711,"column":20},"end":{"line":711,"column":80}},"422":{"start":{"line":714,"column":20},"end":{"line":714,"column":40}},"423":{"start":{"line":715,"column":20},"end":{"line":715,"column":67}},"424":{"start":{"line":716,"column":20},"end":{"line":716,"column":81}},"425":{"start":{"line":719,"column":20},"end":{"line":719,"column":40}},"426":{"start":{"line":720,"column":20},"end":{"line":720,"column":67}},"427":{"start":{"line":721,"column":20},"end":{"line":721,"column":64}},"428":{"start":{"line":724,"column":20},"end":{"line":724,"column":42}},"429":{"start":{"line":725,"column":20},"end":{"line":725,"column":55}},"430":{"start":{"line":726,"column":20},"end":{"line":726,"column":59}},"431":{"start":{"line":727,"column":20},"end":{"line":727,"column":73}},"432":{"start":{"line":728,"column":20},"end":{"line":728,"column":60}},"433":{"start":{"line":729,"column":20},"end":{"line":729,"column":73}},"434":{"start":{"line":730,"column":20},"end":{"line":730,"column":41}},"435":{"start":{"line":731,"column":20},"end":{"line":731,"column":62}},"436":{"start":{"line":734,"column":20},"end":{"line":734,"column":40}},"437":{"start":{"line":735,"column":20},"end":{"line":735,"column":77}},"438":{"start":{"line":742,"column":4},"end":{"line":764,"column":6}},"439":{"start":{"line":744,"column":31},"end":{"line":744,"column":49}},"440":{"start":{"line":745,"column":8},"end":{"line":763,"column":9}},"441":{"start":{"line":746,"column":12},"end":{"line":762,"column":18}},"442":{"start":{"line":747,"column":28},"end":{"line":747,"column":63}},"443":{"start":{"line":749,"column":20},"end":{"line":749,"column":40}},"444":{"start":{"line":750,"column":20},"end":{"line":750,"column":55}},"445":{"start":{"line":751,"column":20},"end":{"line":751,"column":52}},"446":{"start":{"line":752,"column":20},"end":{"line":752,"column":31}},"447":{"start":{"line":753,"column":20},"end":{"line":753,"column":37}},"448":{"start":{"line":755,"column":20},"end":{"line":755,"column":88}},"449":{"start":{"line":755,"column":33},"end":{"line":755,"column":72}},"450":{"start":{"line":756,"column":20},"end":{"line":756,"column":52}},"451":{"start":{"line":757,"column":20},"end":{"line":757,"column":76}},"452":{"start":{"line":760,"column":20},"end":{"line":760,"column":40}},"453":{"start":{"line":761,"column":20},"end":{"line":761,"column":73}},"454":{"start":{"line":766,"column":4},"end":{"line":791,"column":6}},"455":{"start":{"line":768,"column":31},"end":{"line":768,"column":53}},"456":{"start":{"line":769,"column":32},"end":{"line":769,"column":54}},"457":{"start":{"line":770,"column":8},"end":{"line":790,"column":9}},"458":{"start":{"line":771,"column":12},"end":{"line":789,"column":18}},"459":{"start":{"line":772,"column":28},"end":{"line":772,"column":63}},"460":{"start":{"line":774,"column":20},"end":{"line":774,"column":40}},"461":{"start":{"line":775,"column":20},"end":{"line":775,"column":55}},"462":{"start":{"line":776,"column":20},"end":{"line":776,"column":52}},"463":{"start":{"line":777,"column":20},"end":{"line":777,"column":31}},"464":{"start":{"line":778,"column":20},"end":{"line":778,"column":37}},"465":{"start":{"line":780,"column":20},"end":{"line":780,"column":88}},"466":{"start":{"line":780,"column":33},"end":{"line":780,"column":72}},"467":{"start":{"line":781,"column":20},"end":{"line":781,"column":52}},"468":{"start":{"line":782,"column":20},"end":{"line":782,"column":76}},"469":{"start":{"line":784,"column":28},"end":{"line":784,"column":78}},"470":{"start":{"line":785,"column":28},"end":{"line":785,"column":73}},"471":{"start":{"line":787,"column":20},"end":{"line":787,"column":48}},"472":{"start":{"line":788,"column":20},"end":{"line":788,"column":61}},"473":{"start":{"line":793,"column":4},"end":{"line":818,"column":6}},"474":{"start":{"line":795,"column":31},"end":{"line":795,"column":53}},"475":{"start":{"line":796,"column":32},"end":{"line":796,"column":54}},"476":{"start":{"line":797,"column":8},"end":{"line":817,"column":9}},"477":{"start":{"line":798,"column":12},"end":{"line":816,"column":18}},"478":{"start":{"line":799,"column":28},"end":{"line":799,"column":63}},"479":{"start":{"line":801,"column":20},"end":{"line":801,"column":40}},"480":{"start":{"line":802,"column":20},"end":{"line":802,"column":55}},"481":{"start":{"line":803,"column":20},"end":{"line":803,"column":52}},"482":{"start":{"line":804,"column":20},"end":{"line":804,"column":31}},"483":{"start":{"line":805,"column":20},"end":{"line":805,"column":37}},"484":{"start":{"line":807,"column":20},"end":{"line":807,"column":88}},"485":{"start":{"line":807,"column":33},"end":{"line":807,"column":72}},"486":{"start":{"line":808,"column":20},"end":{"line":808,"column":52}},"487":{"start":{"line":809,"column":20},"end":{"line":809,"column":76}},"488":{"start":{"line":811,"column":28},"end":{"line":811,"column":78}},"489":{"start":{"line":812,"column":28},"end":{"line":812,"column":73}},"490":{"start":{"line":814,"column":20},"end":{"line":814,"column":48}},"491":{"start":{"line":815,"column":20},"end":{"line":815,"column":61}},"492":{"start":{"line":820,"column":4},"end":{"line":822,"column":6}},"493":{"start":{"line":824,"column":4},"end":{"line":826,"column":6}},"494":{"start":{"line":828,"column":4},"end":{"line":871,"column":6}},"495":{"start":{"line":830,"column":31},"end":{"line":830,"column":53}},"496":{"start":{"line":831,"column":21},"end":{"line":831,"column":41}},"497":{"start":{"line":832,"column":28},"end":{"line":832,"column":51}},"498":{"start":{"line":833,"column":22},"end":{"line":833,"column":39}},"499":{"start":{"line":834,"column":8},"end":{"line":858,"column":10}},"500":{"start":{"line":835,"column":12},"end":{"line":857,"column":18}},"501":{"start":{"line":836,"column":28},"end":{"line":836,"column":63}},"502":{"start":{"line":838,"column":20},"end":{"line":838,"column":40}},"503":{"start":{"line":839,"column":20},"end":{"line":839,"column":55}},"504":{"start":{"line":840,"column":20},"end":{"line":840,"column":52}},"505":{"start":{"line":841,"column":20},"end":{"line":841,"column":31}},"506":{"start":{"line":842,"column":20},"end":{"line":842,"column":37}},"507":{"start":{"line":844,"column":20},"end":{"line":844,"column":88}},"508":{"start":{"line":844,"column":33},"end":{"line":844,"column":72}},"509":{"start":{"line":845,"column":20},"end":{"line":845,"column":52}},"510":{"start":{"line":846,"column":20},"end":{"line":846,"column":80}},"511":{"start":{"line":848,"column":28},"end":{"line":848,"column":68}},"512":{"start":{"line":850,"column":20},"end":{"line":850,"column":38}},"513":{"start":{"line":851,"column":20},"end":{"line":851,"column":76}},"514":{"start":{"line":853,"column":28},"end":{"line":853,"column":73}},"515":{"start":{"line":856,"column":20},"end":{"line":856,"column":44}},"516":{"start":{"line":859,"column":8},"end":{"line":870,"column":9}},"517":{"start":{"line":860,"column":12},"end":{"line":869,"column":18}},"518":{"start":{"line":862,"column":20},"end":{"line":862,"column":40}},"519":{"start":{"line":863,"column":20},"end":{"line":863,"column":73}},"520":{"start":{"line":864,"column":20},"end":{"line":864,"column":72}},"521":{"start":{"line":867,"column":20},"end":{"line":867,"column":40}},"522":{"start":{"line":868,"column":20},"end":{"line":868,"column":63}},"523":{"start":{"line":873,"column":4},"end":{"line":920,"column":6}},"524":{"start":{"line":875,"column":31},"end":{"line":875,"column":53}},"525":{"start":{"line":876,"column":21},"end":{"line":876,"column":41}},"526":{"start":{"line":877,"column":28},"end":{"line":877,"column":51}},"527":{"start":{"line":878,"column":22},"end":{"line":878,"column":39}},"528":{"start":{"line":879,"column":8},"end":{"line":907,"column":10}},"529":{"start":{"line":880,"column":12},"end":{"line":906,"column":18}},"530":{"start":{"line":881,"column":28},"end":{"line":881,"column":63}},"531":{"start":{"line":883,"column":20},"end":{"line":883,"column":40}},"532":{"start":{"line":884,"column":20},"end":{"line":884,"column":55}},"533":{"start":{"line":885,"column":20},"end":{"line":885,"column":52}},"534":{"start":{"line":886,"column":20},"end":{"line":886,"column":31}},"535":{"start":{"line":887,"column":20},"end":{"line":887,"column":37}},"536":{"start":{"line":889,"column":20},"end":{"line":889,"column":88}},"537":{"start":{"line":889,"column":33},"end":{"line":889,"column":72}},"538":{"start":{"line":890,"column":20},"end":{"line":890,"column":52}},"539":{"start":{"line":891,"column":20},"end":{"line":891,"column":80}},"540":{"start":{"line":893,"column":28},"end":{"line":893,"column":68}},"541":{"start":{"line":895,"column":20},"end":{"line":895,"column":38}},"542":{"start":{"line":896,"column":20},"end":{"line":896,"column":76}},"543":{"start":{"line":898,"column":28},"end":{"line":898,"column":73}},"544":{"start":{"line":901,"column":20},"end":{"line":901,"column":44}},"545":{"start":{"line":902,"column":20},"end":{"line":902,"column":85}},"546":{"start":{"line":905,"column":20},"end":{"line":905,"column":40}},"547":{"start":{"line":908,"column":8},"end":{"line":919,"column":9}},"548":{"start":{"line":909,"column":12},"end":{"line":918,"column":18}},"549":{"start":{"line":911,"column":20},"end":{"line":911,"column":40}},"550":{"start":{"line":912,"column":20},"end":{"line":912,"column":76}},"551":{"start":{"line":913,"column":20},"end":{"line":913,"column":72}},"552":{"start":{"line":916,"column":20},"end":{"line":916,"column":40}},"553":{"start":{"line":917,"column":20},"end":{"line":917,"column":62}},"554":{"start":{"line":922,"column":4},"end":{"line":951,"column":6}},"555":{"start":{"line":924,"column":31},"end":{"line":924,"column":53}},"556":{"start":{"line":925,"column":8},"end":{"line":949,"column":9}},"557":{"start":{"line":926,"column":12},"end":{"line":948,"column":18}},"558":{"start":{"line":927,"column":28},"end":{"line":927,"column":63}},"559":{"start":{"line":929,"column":20},"end":{"line":929,"column":40}},"560":{"start":{"line":930,"column":20},"end":{"line":930,"column":55}},"561":{"start":{"line":931,"column":20},"end":{"line":931,"column":52}},"562":{"start":{"line":932,"column":20},"end":{"line":932,"column":31}},"563":{"start":{"line":933,"column":20},"end":{"line":933,"column":37}},"564":{"start":{"line":935,"column":20},"end":{"line":935,"column":88}},"565":{"start":{"line":935,"column":33},"end":{"line":935,"column":72}},"566":{"start":{"line":936,"column":20},"end":{"line":936,"column":52}},"567":{"start":{"line":937,"column":20},"end":{"line":937,"column":76}},"568":{"start":{"line":939,"column":28},"end":{"line":939,"column":73}},"569":{"start":{"line":941,"column":20},"end":{"line":941,"column":48}},"570":{"start":{"line":942,"column":20},"end":{"line":942,"column":61}},"571":{"start":{"line":943,"column":20},"end":{"line":943,"column":52}},"572":{"start":{"line":944,"column":20},"end":{"line":944,"column":74}},"573":{"start":{"line":947,"column":20},"end":{"line":947,"column":40}}},"fnMap":{"0":{"name":"(anonymous_0)","decl":{"start":{"line":7,"column":18},"end":{"line":7,"column":19}},"loc":{"start":{"line":7,"column":24},"end":{"line":953,"column":1}},"line":7},"1":{"name":"(anonymous_1)","decl":{"start":{"line":24,"column":15},"end":{"line":24,"column":16}},"loc":{"start":{"line":24,"column":21},"end":{"line":27,"column":5}},"line":24},"2":{"name":"(anonymous_2)","decl":{"start":{"line":33,"column":39},"end":{"line":33,"column":40}},"loc":{"start":{"line":33,"column":45},"end":{"line":111,"column":5}},"line":33},"3":{"name":"(anonymous_3)","decl":{"start":{"line":34,"column":52},"end":{"line":34,"column":53}},"loc":{"start":{"line":35,"column":12},"end":{"line":36,"column":52}},"line":35},"4":{"name":"(anonymous_4)","decl":{"start":{"line":36,"column":22},"end":{"line":36,"column":23}},"loc":{"start":{"line":36,"column":29},"end":{"line":36,"column":51}},"line":36},"5":{"name":"(anonymous_5)","decl":{"start":{"line":39,"column":60},"end":{"line":39,"column":61}},"loc":{"start":{"line":40,"column":12},"end":{"line":46,"column":18}},"line":40},"6":{"name":"(anonymous_6)","decl":{"start":{"line":41,"column":22},"end":{"line":41,"column":23}},"loc":{"start":{"line":41,"column":28},"end":{"line":41,"column":59}},"line":41},"7":{"name":"(anonymous_7)","decl":{"start":{"line":42,"column":23},"end":{"line":42,"column":24}},"loc":{"start":{"line":42,"column":30},"end":{"line":42,"column":33}},"line":42},"8":{"name":"(anonymous_8)","decl":{"start":{"line":43,"column":22},"end":{"line":43,"column":23}},"loc":{"start":{"line":43,"column":29},"end":{"line":46,"column":17}},"line":43},"9":{"name":"(anonymous_9)","decl":{"start":{"line":49,"column":72},"end":{"line":49,"column":73}},"loc":{"start":{"line":50,"column":12},"end":{"line":55,"column":18}},"line":50},"10":{"name":"(anonymous_10)","decl":{"start":{"line":51,"column":23},"end":{"line":51,"column":24}},"loc":{"start":{"line":51,"column":30},"end":{"line":51,"column":33}},"line":51},"11":{"name":"(anonymous_11)","decl":{"start":{"line":52,"column":22},"end":{"line":52,"column":23}},"loc":{"start":{"line":52,"column":29},"end":{"line":55,"column":17}},"line":52},"12":{"name":"(anonymous_12)","decl":{"start":{"line":58,"column":69},"end":{"line":58,"column":70}},"loc":{"start":{"line":59,"column":12},"end":{"line":64,"column":18}},"line":59},"13":{"name":"(anonymous_13)","decl":{"start":{"line":60,"column":23},"end":{"line":60,"column":24}},"loc":{"start":{"line":60,"column":30},"end":{"line":60,"column":33}},"line":60},"14":{"name":"(anonymous_14)","decl":{"start":{"line":61,"column":22},"end":{"line":61,"column":23}},"loc":{"start":{"line":61,"column":29},"end":{"line":64,"column":17}},"line":61},"15":{"name":"(anonymous_15)","decl":{"start":{"line":67,"column":68},"end":{"line":67,"column":69}},"loc":{"start":{"line":68,"column":12},"end":{"line":73,"column":18}},"line":68},"16":{"name":"(anonymous_16)","decl":{"start":{"line":69,"column":23},"end":{"line":69,"column":24}},"loc":{"start":{"line":69,"column":30},"end":{"line":69,"column":33}},"line":69},"17":{"name":"(anonymous_17)","decl":{"start":{"line":70,"column":22},"end":{"line":70,"column":23}},"loc":{"start":{"line":70,"column":29},"end":{"line":73,"column":17}},"line":70},"18":{"name":"(anonymous_18)","decl":{"start":{"line":76,"column":75},"end":{"line":76,"column":76}},"loc":{"start":{"line":76,"column":81},"end":{"line":83,"column":9}},"line":76},"19":{"name":"(anonymous_19)","decl":{"start":{"line":78,"column":23},"end":{"line":78,"column":24}},"loc":{"start":{"line":78,"column":30},"end":{"line":78,"column":33}},"line":78},"20":{"name":"(anonymous_20)","decl":{"start":{"line":79,"column":22},"end":{"line":79,"column":23}},"loc":{"start":{"line":79,"column":29},"end":{"line":82,"column":17}},"line":79},"21":{"name":"(anonymous_21)","decl":{"start":{"line":85,"column":71},"end":{"line":85,"column":72}},"loc":{"start":{"line":85,"column":77},"end":{"line":92,"column":9}},"line":85},"22":{"name":"(anonymous_22)","decl":{"start":{"line":87,"column":23},"end":{"line":87,"column":24}},"loc":{"start":{"line":87,"column":30},"end":{"line":87,"column":33}},"line":87},"23":{"name":"(anonymous_23)","decl":{"start":{"line":88,"column":22},"end":{"line":88,"column":23}},"loc":{"start":{"line":88,"column":29},"end":{"line":91,"column":17}},"line":88},"24":{"name":"(anonymous_24)","decl":{"start":{"line":94,"column":72},"end":{"line":94,"column":73}},"loc":{"start":{"line":95,"column":12},"end":{"line":100,"column":18}},"line":95},"25":{"name":"(anonymous_25)","decl":{"start":{"line":96,"column":23},"end":{"line":96,"column":24}},"loc":{"start":{"line":96,"column":30},"end":{"line":96,"column":33}},"line":96},"26":{"name":"(anonymous_26)","decl":{"start":{"line":97,"column":22},"end":{"line":97,"column":23}},"loc":{"start":{"line":97,"column":29},"end":{"line":100,"column":17}},"line":97},"27":{"name":"(anonymous_27)","decl":{"start":{"line":103,"column":75},"end":{"line":103,"column":76}},"loc":{"start":{"line":104,"column":12},"end":{"line":109,"column":18}},"line":104},"28":{"name":"(anonymous_28)","decl":{"start":{"line":105,"column":23},"end":{"line":105,"column":24}},"loc":{"start":{"line":105,"column":30},"end":{"line":105,"column":33}},"line":105},"29":{"name":"(anonymous_29)","decl":{"start":{"line":106,"column":22},"end":{"line":106,"column":23}},"loc":{"start":{"line":106,"column":29},"end":{"line":109,"column":17}},"line":106},"30":{"name":"(anonymous_30)","decl":{"start":{"line":113,"column":43},"end":{"line":113,"column":44}},"loc":{"start":{"line":113,"column":49},"end":{"line":191,"column":5}},"line":113},"31":{"name":"(anonymous_31)","decl":{"start":{"line":114,"column":56},"end":{"line":114,"column":57}},"loc":{"start":{"line":115,"column":12},"end":{"line":126,"column":18}},"line":115},"32":{"name":"(anonymous_32)","decl":{"start":{"line":116,"column":22},"end":{"line":116,"column":23}},"loc":{"start":{"line":116,"column":28},"end":{"line":116,"column":63}},"line":116},"33":{"name":"(anonymous_33)","decl":{"start":{"line":117,"column":22},"end":{"line":117,"column":23}},"loc":{"start":{"line":117,"column":29},"end":{"line":126,"column":17}},"line":117},"34":{"name":"(anonymous_34)","decl":{"start":{"line":124,"column":27},"end":{"line":124,"column":28}},"loc":{"start":{"line":124,"column":33},"end":{"line":124,"column":76}},"line":124},"35":{"name":"(anonymous_35)","decl":{"start":{"line":129,"column":47},"end":{"line":129,"column":48}},"loc":{"start":{"line":130,"column":12},"end":{"line":135,"column":18}},"line":130},"36":{"name":"(anonymous_36)","decl":{"start":{"line":131,"column":23},"end":{"line":131,"column":24}},"loc":{"start":{"line":131,"column":30},"end":{"line":131,"column":33}},"line":131},"37":{"name":"(anonymous_37)","decl":{"start":{"line":132,"column":22},"end":{"line":132,"column":23}},"loc":{"start":{"line":132,"column":29},"end":{"line":135,"column":17}},"line":132},"38":{"name":"(anonymous_38)","decl":{"start":{"line":138,"column":45},"end":{"line":138,"column":46}},"loc":{"start":{"line":139,"column":12},"end":{"line":144,"column":18}},"line":139},"39":{"name":"(anonymous_39)","decl":{"start":{"line":140,"column":23},"end":{"line":140,"column":24}},"loc":{"start":{"line":140,"column":30},"end":{"line":140,"column":33}},"line":140},"40":{"name":"(anonymous_40)","decl":{"start":{"line":141,"column":22},"end":{"line":141,"column":23}},"loc":{"start":{"line":141,"column":29},"end":{"line":144,"column":17}},"line":141},"41":{"name":"(anonymous_41)","decl":{"start":{"line":147,"column":41},"end":{"line":147,"column":42}},"loc":{"start":{"line":148,"column":12},"end":{"line":153,"column":18}},"line":148},"42":{"name":"(anonymous_42)","decl":{"start":{"line":149,"column":23},"end":{"line":149,"column":24}},"loc":{"start":{"line":149,"column":30},"end":{"line":149,"column":33}},"line":149},"43":{"name":"(anonymous_43)","decl":{"start":{"line":150,"column":22},"end":{"line":150,"column":23}},"loc":{"start":{"line":150,"column":29},"end":{"line":153,"column":17}},"line":150},"44":{"name":"(anonymous_44)","decl":{"start":{"line":156,"column":45},"end":{"line":156,"column":46}},"loc":{"start":{"line":157,"column":12},"end":{"line":162,"column":18}},"line":157},"45":{"name":"(anonymous_45)","decl":{"start":{"line":158,"column":23},"end":{"line":158,"column":24}},"loc":{"start":{"line":158,"column":30},"end":{"line":158,"column":33}},"line":158},"46":{"name":"(anonymous_46)","decl":{"start":{"line":159,"column":22},"end":{"line":159,"column":23}},"loc":{"start":{"line":159,"column":29},"end":{"line":162,"column":17}},"line":159},"47":{"name":"(anonymous_47)","decl":{"start":{"line":165,"column":48},"end":{"line":165,"column":49}},"loc":{"start":{"line":166,"column":12},"end":{"line":171,"column":18}},"line":166},"48":{"name":"(anonymous_48)","decl":{"start":{"line":167,"column":23},"end":{"line":167,"column":24}},"loc":{"start":{"line":167,"column":30},"end":{"line":167,"column":33}},"line":167},"49":{"name":"(anonymous_49)","decl":{"start":{"line":168,"column":22},"end":{"line":168,"column":23}},"loc":{"start":{"line":168,"column":29},"end":{"line":171,"column":17}},"line":168},"50":{"name":"(anonymous_50)","decl":{"start":{"line":174,"column":44},"end":{"line":174,"column":45}},"loc":{"start":{"line":175,"column":12},"end":{"line":180,"column":18}},"line":175},"51":{"name":"(anonymous_51)","decl":{"start":{"line":176,"column":23},"end":{"line":176,"column":24}},"loc":{"start":{"line":176,"column":30},"end":{"line":176,"column":33}},"line":176},"52":{"name":"(anonymous_52)","decl":{"start":{"line":177,"column":22},"end":{"line":177,"column":23}},"loc":{"start":{"line":177,"column":29},"end":{"line":180,"column":17}},"line":177},"53":{"name":"(anonymous_53)","decl":{"start":{"line":183,"column":48},"end":{"line":183,"column":49}},"loc":{"start":{"line":184,"column":12},"end":{"line":189,"column":18}},"line":184},"54":{"name":"(anonymous_54)","decl":{"start":{"line":185,"column":23},"end":{"line":185,"column":24}},"loc":{"start":{"line":185,"column":30},"end":{"line":185,"column":33}},"line":185},"55":{"name":"(anonymous_55)","decl":{"start":{"line":186,"column":22},"end":{"line":186,"column":23}},"loc":{"start":{"line":186,"column":29},"end":{"line":189,"column":17}},"line":186},"56":{"name":"(anonymous_56)","decl":{"start":{"line":193,"column":40},"end":{"line":193,"column":41}},"loc":{"start":{"line":193,"column":46},"end":{"line":337,"column":5}},"line":193},"57":{"name":"(anonymous_57)","decl":{"start":{"line":195,"column":50},"end":{"line":195,"column":51}},"loc":{"start":{"line":196,"column":12},"end":{"line":214,"column":18}},"line":196},"58":{"name":"(anonymous_58)","decl":{"start":{"line":197,"column":22},"end":{"line":197,"column":23}},"loc":{"start":{"line":197,"column":28},"end":{"line":197,"column":63}},"line":197},"59":{"name":"(anonymous_59)","decl":{"start":{"line":198,"column":22},"end":{"line":198,"column":23}},"loc":{"start":{"line":198,"column":29},"end":{"line":210,"column":17}},"line":198},"60":{"name":"(anonymous_60)","decl":{"start":{"line":207,"column":27},"end":{"line":207,"column":28}},"loc":{"start":{"line":207,"column":33},"end":{"line":207,"column":72}},"line":207},"61":{"name":"(anonymous_61)","decl":{"start":{"line":211,"column":22},"end":{"line":211,"column":23}},"loc":{"start":{"line":211,"column":29},"end":{"line":214,"column":17}},"line":211},"62":{"name":"(anonymous_62)","decl":{"start":{"line":217,"column":59},"end":{"line":217,"column":60}},"loc":{"start":{"line":218,"column":12},"end":{"line":223,"column":18}},"line":218},"63":{"name":"(anonymous_63)","decl":{"start":{"line":219,"column":23},"end":{"line":219,"column":24}},"loc":{"start":{"line":219,"column":30},"end":{"line":219,"column":33}},"line":219},"64":{"name":"(anonymous_64)","decl":{"start":{"line":220,"column":22},"end":{"line":220,"column":23}},"loc":{"start":{"line":220,"column":29},"end":{"line":223,"column":17}},"line":220},"65":{"name":"(anonymous_65)","decl":{"start":{"line":225,"column":55},"end":{"line":225,"column":56}},"loc":{"start":{"line":226,"column":12},"end":{"line":231,"column":18}},"line":226},"66":{"name":"(anonymous_66)","decl":{"start":{"line":227,"column":23},"end":{"line":227,"column":24}},"loc":{"start":{"line":227,"column":30},"end":{"line":227,"column":33}},"line":227},"67":{"name":"(anonymous_67)","decl":{"start":{"line":228,"column":22},"end":{"line":228,"column":23}},"loc":{"start":{"line":228,"column":29},"end":{"line":231,"column":17}},"line":228},"68":{"name":"(anonymous_68)","decl":{"start":{"line":233,"column":57},"end":{"line":233,"column":58}},"loc":{"start":{"line":234,"column":12},"end":{"line":239,"column":18}},"line":234},"69":{"name":"(anonymous_69)","decl":{"start":{"line":235,"column":23},"end":{"line":235,"column":24}},"loc":{"start":{"line":235,"column":30},"end":{"line":235,"column":33}},"line":235},"70":{"name":"(anonymous_70)","decl":{"start":{"line":236,"column":22},"end":{"line":236,"column":23}},"loc":{"start":{"line":236,"column":29},"end":{"line":239,"column":17}},"line":236},"71":{"name":"(anonymous_71)","decl":{"start":{"line":242,"column":62},"end":{"line":242,"column":63}},"loc":{"start":{"line":243,"column":12},"end":{"line":248,"column":18}},"line":243},"72":{"name":"(anonymous_72)","decl":{"start":{"line":244,"column":23},"end":{"line":244,"column":24}},"loc":{"start":{"line":244,"column":30},"end":{"line":244,"column":33}},"line":244},"73":{"name":"(anonymous_73)","decl":{"start":{"line":245,"column":22},"end":{"line":245,"column":23}},"loc":{"start":{"line":245,"column":29},"end":{"line":248,"column":17}},"line":245},"74":{"name":"(anonymous_74)","decl":{"start":{"line":251,"column":58},"end":{"line":251,"column":59}},"loc":{"start":{"line":252,"column":12},"end":{"line":257,"column":18}},"line":252},"75":{"name":"(anonymous_75)","decl":{"start":{"line":253,"column":23},"end":{"line":253,"column":24}},"loc":{"start":{"line":253,"column":30},"end":{"line":253,"column":33}},"line":253},"76":{"name":"(anonymous_76)","decl":{"start":{"line":254,"column":22},"end":{"line":254,"column":23}},"loc":{"start":{"line":254,"column":29},"end":{"line":257,"column":17}},"line":254},"77":{"name":"(anonymous_77)","decl":{"start":{"line":260,"column":60},"end":{"line":260,"column":61}},"loc":{"start":{"line":261,"column":12},"end":{"line":266,"column":18}},"line":261},"78":{"name":"(anonymous_78)","decl":{"start":{"line":262,"column":23},"end":{"line":262,"column":24}},"loc":{"start":{"line":262,"column":30},"end":{"line":262,"column":33}},"line":262},"79":{"name":"(anonymous_79)","decl":{"start":{"line":263,"column":22},"end":{"line":263,"column":23}},"loc":{"start":{"line":263,"column":29},"end":{"line":266,"column":17}},"line":263},"80":{"name":"(anonymous_80)","decl":{"start":{"line":269,"column":65},"end":{"line":269,"column":66}},"loc":{"start":{"line":270,"column":12},"end":{"line":275,"column":18}},"line":270},"81":{"name":"(anonymous_81)","decl":{"start":{"line":271,"column":23},"end":{"line":271,"column":24}},"loc":{"start":{"line":271,"column":30},"end":{"line":271,"column":33}},"line":271},"82":{"name":"(anonymous_82)","decl":{"start":{"line":272,"column":22},"end":{"line":272,"column":23}},"loc":{"start":{"line":272,"column":29},"end":{"line":275,"column":17}},"line":272},"83":{"name":"(anonymous_83)","decl":{"start":{"line":277,"column":61},"end":{"line":277,"column":62}},"loc":{"start":{"line":278,"column":12},"end":{"line":283,"column":18}},"line":278},"84":{"name":"(anonymous_84)","decl":{"start":{"line":279,"column":23},"end":{"line":279,"column":24}},"loc":{"start":{"line":279,"column":30},"end":{"line":279,"column":33}},"line":279},"85":{"name":"(anonymous_85)","decl":{"start":{"line":280,"column":22},"end":{"line":280,"column":23}},"loc":{"start":{"line":280,"column":29},"end":{"line":283,"column":17}},"line":280},"86":{"name":"(anonymous_86)","decl":{"start":{"line":285,"column":63},"end":{"line":285,"column":64}},"loc":{"start":{"line":286,"column":12},"end":{"line":291,"column":18}},"line":286},"87":{"name":"(anonymous_87)","decl":{"start":{"line":287,"column":23},"end":{"line":287,"column":24}},"loc":{"start":{"line":287,"column":30},"end":{"line":287,"column":33}},"line":287},"88":{"name":"(anonymous_88)","decl":{"start":{"line":288,"column":22},"end":{"line":288,"column":23}},"loc":{"start":{"line":288,"column":29},"end":{"line":291,"column":17}},"line":288},"89":{"name":"(anonymous_89)","decl":{"start":{"line":294,"column":61},"end":{"line":294,"column":62}},"loc":{"start":{"line":295,"column":12},"end":{"line":300,"column":18}},"line":295},"90":{"name":"(anonymous_90)","decl":{"start":{"line":296,"column":23},"end":{"line":296,"column":24}},"loc":{"start":{"line":296,"column":30},"end":{"line":296,"column":33}},"line":296},"91":{"name":"(anonymous_91)","decl":{"start":{"line":297,"column":22},"end":{"line":297,"column":23}},"loc":{"start":{"line":297,"column":29},"end":{"line":300,"column":17}},"line":297},"92":{"name":"(anonymous_92)","decl":{"start":{"line":303,"column":69},"end":{"line":303,"column":70}},"loc":{"start":{"line":304,"column":12},"end":{"line":309,"column":18}},"line":304},"93":{"name":"(anonymous_93)","decl":{"start":{"line":305,"column":23},"end":{"line":305,"column":24}},"loc":{"start":{"line":305,"column":30},"end":{"line":305,"column":33}},"line":305},"94":{"name":"(anonymous_94)","decl":{"start":{"line":306,"column":22},"end":{"line":306,"column":23}},"loc":{"start":{"line":306,"column":29},"end":{"line":309,"column":17}},"line":306},"95":{"name":"(anonymous_95)","decl":{"start":{"line":311,"column":65},"end":{"line":311,"column":66}},"loc":{"start":{"line":312,"column":12},"end":{"line":317,"column":18}},"line":312},"96":{"name":"(anonymous_96)","decl":{"start":{"line":313,"column":23},"end":{"line":313,"column":24}},"loc":{"start":{"line":313,"column":30},"end":{"line":313,"column":33}},"line":313},"97":{"name":"(anonymous_97)","decl":{"start":{"line":314,"column":22},"end":{"line":314,"column":23}},"loc":{"start":{"line":314,"column":29},"end":{"line":317,"column":17}},"line":314},"98":{"name":"(anonymous_98)","decl":{"start":{"line":319,"column":67},"end":{"line":319,"column":68}},"loc":{"start":{"line":320,"column":12},"end":{"line":325,"column":18}},"line":320},"99":{"name":"(anonymous_99)","decl":{"start":{"line":321,"column":23},"end":{"line":321,"column":24}},"loc":{"start":{"line":321,"column":30},"end":{"line":321,"column":33}},"line":321},"100":{"name":"(anonymous_100)","decl":{"start":{"line":322,"column":22},"end":{"line":322,"column":23}},"loc":{"start":{"line":322,"column":29},"end":{"line":325,"column":17}},"line":322},"101":{"name":"(anonymous_101)","decl":{"start":{"line":328,"column":77},"end":{"line":328,"column":78}},"loc":{"start":{"line":329,"column":12},"end":{"line":334,"column":18}},"line":329},"102":{"name":"(anonymous_102)","decl":{"start":{"line":330,"column":23},"end":{"line":330,"column":24}},"loc":{"start":{"line":330,"column":30},"end":{"line":330,"column":33}},"line":330},"103":{"name":"(anonymous_103)","decl":{"start":{"line":331,"column":22},"end":{"line":331,"column":23}},"loc":{"start":{"line":331,"column":29},"end":{"line":334,"column":17}},"line":331},"104":{"name":"(anonymous_104)","decl":{"start":{"line":339,"column":41},"end":{"line":339,"column":42}},"loc":{"start":{"line":339,"column":47},"end":{"line":452,"column":5}},"line":339},"105":{"name":"(anonymous_105)","decl":{"start":{"line":340,"column":51},"end":{"line":340,"column":52}},"loc":{"start":{"line":341,"column":12},"end":{"line":359,"column":18}},"line":341},"106":{"name":"(anonymous_106)","decl":{"start":{"line":342,"column":22},"end":{"line":342,"column":23}},"loc":{"start":{"line":342,"column":28},"end":{"line":342,"column":63}},"line":342},"107":{"name":"(anonymous_107)","decl":{"start":{"line":343,"column":22},"end":{"line":343,"column":23}},"loc":{"start":{"line":343,"column":29},"end":{"line":355,"column":17}},"line":343},"108":{"name":"(anonymous_108)","decl":{"start":{"line":352,"column":27},"end":{"line":352,"column":28}},"loc":{"start":{"line":352,"column":33},"end":{"line":352,"column":72}},"line":352},"109":{"name":"(anonymous_109)","decl":{"start":{"line":356,"column":22},"end":{"line":356,"column":23}},"loc":{"start":{"line":356,"column":29},"end":{"line":359,"column":17}},"line":356},"110":{"name":"(anonymous_110)","decl":{"start":{"line":362,"column":68},"end":{"line":362,"column":69}},"loc":{"start":{"line":363,"column":12},"end":{"line":368,"column":18}},"line":363},"111":{"name":"(anonymous_111)","decl":{"start":{"line":364,"column":23},"end":{"line":364,"column":24}},"loc":{"start":{"line":364,"column":30},"end":{"line":364,"column":33}},"line":364},"112":{"name":"(anonymous_112)","decl":{"start":{"line":365,"column":22},"end":{"line":365,"column":23}},"loc":{"start":{"line":365,"column":29},"end":{"line":368,"column":17}},"line":365},"113":{"name":"(anonymous_113)","decl":{"start":{"line":371,"column":64},"end":{"line":371,"column":65}},"loc":{"start":{"line":372,"column":12},"end":{"line":377,"column":18}},"line":372},"114":{"name":"(anonymous_114)","decl":{"start":{"line":373,"column":23},"end":{"line":373,"column":24}},"loc":{"start":{"line":373,"column":30},"end":{"line":373,"column":33}},"line":373},"115":{"name":"(anonymous_115)","decl":{"start":{"line":374,"column":22},"end":{"line":374,"column":23}},"loc":{"start":{"line":374,"column":29},"end":{"line":377,"column":17}},"line":374},"116":{"name":"(anonymous_116)","decl":{"start":{"line":380,"column":65},"end":{"line":380,"column":66}},"loc":{"start":{"line":381,"column":12},"end":{"line":386,"column":18}},"line":381},"117":{"name":"(anonymous_117)","decl":{"start":{"line":382,"column":23},"end":{"line":382,"column":24}},"loc":{"start":{"line":382,"column":30},"end":{"line":382,"column":33}},"line":382},"118":{"name":"(anonymous_118)","decl":{"start":{"line":383,"column":22},"end":{"line":383,"column":23}},"loc":{"start":{"line":383,"column":29},"end":{"line":386,"column":17}},"line":383},"119":{"name":"(anonymous_119)","decl":{"start":{"line":389,"column":71},"end":{"line":389,"column":72}},"loc":{"start":{"line":390,"column":12},"end":{"line":395,"column":18}},"line":390},"120":{"name":"(anonymous_120)","decl":{"start":{"line":391,"column":23},"end":{"line":391,"column":24}},"loc":{"start":{"line":391,"column":30},"end":{"line":391,"column":33}},"line":391},"121":{"name":"(anonymous_121)","decl":{"start":{"line":392,"column":22},"end":{"line":392,"column":23}},"loc":{"start":{"line":392,"column":29},"end":{"line":395,"column":17}},"line":392},"122":{"name":"(anonymous_122)","decl":{"start":{"line":398,"column":67},"end":{"line":398,"column":68}},"loc":{"start":{"line":399,"column":12},"end":{"line":404,"column":18}},"line":399},"123":{"name":"(anonymous_123)","decl":{"start":{"line":400,"column":23},"end":{"line":400,"column":24}},"loc":{"start":{"line":400,"column":30},"end":{"line":400,"column":33}},"line":400},"124":{"name":"(anonymous_124)","decl":{"start":{"line":401,"column":22},"end":{"line":401,"column":23}},"loc":{"start":{"line":401,"column":29},"end":{"line":404,"column":17}},"line":401},"125":{"name":"(anonymous_125)","decl":{"start":{"line":407,"column":68},"end":{"line":407,"column":69}},"loc":{"start":{"line":408,"column":12},"end":{"line":413,"column":18}},"line":408},"126":{"name":"(anonymous_126)","decl":{"start":{"line":409,"column":23},"end":{"line":409,"column":24}},"loc":{"start":{"line":409,"column":30},"end":{"line":409,"column":33}},"line":409},"127":{"name":"(anonymous_127)","decl":{"start":{"line":410,"column":22},"end":{"line":410,"column":23}},"loc":{"start":{"line":410,"column":29},"end":{"line":413,"column":17}},"line":410},"128":{"name":"(anonymous_128)","decl":{"start":{"line":416,"column":74},"end":{"line":416,"column":75}},"loc":{"start":{"line":417,"column":12},"end":{"line":422,"column":18}},"line":417},"129":{"name":"(anonymous_129)","decl":{"start":{"line":418,"column":23},"end":{"line":418,"column":24}},"loc":{"start":{"line":418,"column":30},"end":{"line":418,"column":33}},"line":418},"130":{"name":"(anonymous_130)","decl":{"start":{"line":419,"column":22},"end":{"line":419,"column":23}},"loc":{"start":{"line":419,"column":29},"end":{"line":422,"column":17}},"line":419},"131":{"name":"(anonymous_131)","decl":{"start":{"line":425,"column":70},"end":{"line":425,"column":71}},"loc":{"start":{"line":426,"column":12},"end":{"line":431,"column":18}},"line":426},"132":{"name":"(anonymous_132)","decl":{"start":{"line":427,"column":23},"end":{"line":427,"column":24}},"loc":{"start":{"line":427,"column":30},"end":{"line":427,"column":33}},"line":427},"133":{"name":"(anonymous_133)","decl":{"start":{"line":428,"column":22},"end":{"line":428,"column":23}},"loc":{"start":{"line":428,"column":29},"end":{"line":431,"column":17}},"line":428},"134":{"name":"(anonymous_134)","decl":{"start":{"line":434,"column":71},"end":{"line":434,"column":72}},"loc":{"start":{"line":435,"column":12},"end":{"line":440,"column":18}},"line":435},"135":{"name":"(anonymous_135)","decl":{"start":{"line":436,"column":23},"end":{"line":436,"column":24}},"loc":{"start":{"line":436,"column":30},"end":{"line":436,"column":33}},"line":436},"136":{"name":"(anonymous_136)","decl":{"start":{"line":437,"column":22},"end":{"line":437,"column":23}},"loc":{"start":{"line":437,"column":29},"end":{"line":440,"column":17}},"line":437},"137":{"name":"(anonymous_137)","decl":{"start":{"line":456,"column":49},"end":{"line":456,"column":50}},"loc":{"start":{"line":456,"column":55},"end":{"line":497,"column":5}},"line":456},"138":{"name":"(anonymous_138)","decl":{"start":{"line":457,"column":62},"end":{"line":457,"column":63}},"loc":{"start":{"line":458,"column":12},"end":{"line":476,"column":18}},"line":458},"139":{"name":"(anonymous_139)","decl":{"start":{"line":459,"column":22},"end":{"line":459,"column":23}},"loc":{"start":{"line":459,"column":28},"end":{"line":459,"column":63}},"line":459},"140":{"name":"(anonymous_140)","decl":{"start":{"line":460,"column":22},"end":{"line":460,"column":23}},"loc":{"start":{"line":460,"column":29},"end":{"line":472,"column":17}},"line":460},"141":{"name":"(anonymous_141)","decl":{"start":{"line":469,"column":27},"end":{"line":469,"column":28}},"loc":{"start":{"line":469,"column":33},"end":{"line":469,"column":72}},"line":469},"142":{"name":"(anonymous_142)","decl":{"start":{"line":473,"column":22},"end":{"line":473,"column":23}},"loc":{"start":{"line":473,"column":29},"end":{"line":476,"column":17}},"line":473},"143":{"name":"(anonymous_143)","decl":{"start":{"line":478,"column":84},"end":{"line":478,"column":85}},"loc":{"start":{"line":479,"column":12},"end":{"line":481,"column":89}},"line":479},"144":{"name":"(anonymous_144)","decl":{"start":{"line":480,"column":23},"end":{"line":480,"column":24}},"loc":{"start":{"line":480,"column":30},"end":{"line":480,"column":33}},"line":480},"145":{"name":"(anonymous_145)","decl":{"start":{"line":481,"column":22},"end":{"line":481,"column":23}},"loc":{"start":{"line":481,"column":39},"end":{"line":481,"column":88}},"line":481},"146":{"name":"(anonymous_146)","decl":{"start":{"line":484,"column":80},"end":{"line":484,"column":81}},"loc":{"start":{"line":485,"column":12},"end":{"line":487,"column":89}},"line":485},"147":{"name":"(anonymous_147)","decl":{"start":{"line":486,"column":23},"end":{"line":486,"column":24}},"loc":{"start":{"line":486,"column":30},"end":{"line":486,"column":33}},"line":486},"148":{"name":"(anonymous_148)","decl":{"start":{"line":487,"column":22},"end":{"line":487,"column":23}},"loc":{"start":{"line":487,"column":39},"end":{"line":487,"column":88}},"line":487},"149":{"name":"(anonymous_149)","decl":{"start":{"line":490,"column":81},"end":{"line":490,"column":82}},"loc":{"start":{"line":491,"column":12},"end":{"line":493,"column":89}},"line":491},"150":{"name":"(anonymous_150)","decl":{"start":{"line":492,"column":23},"end":{"line":492,"column":24}},"loc":{"start":{"line":492,"column":30},"end":{"line":492,"column":33}},"line":492},"151":{"name":"(anonymous_151)","decl":{"start":{"line":493,"column":22},"end":{"line":493,"column":23}},"loc":{"start":{"line":493,"column":39},"end":{"line":493,"column":88}},"line":493},"152":{"name":"(anonymous_152)","decl":{"start":{"line":499,"column":45},"end":{"line":499,"column":46}},"loc":{"start":{"line":499,"column":51},"end":{"line":528,"column":5}},"line":499},"153":{"name":"(anonymous_153)","decl":{"start":{"line":500,"column":55},"end":{"line":500,"column":56}},"loc":{"start":{"line":501,"column":12},"end":{"line":526,"column":18}},"line":501},"154":{"name":"(anonymous_154)","decl":{"start":{"line":502,"column":22},"end":{"line":502,"column":23}},"loc":{"start":{"line":502,"column":28},"end":{"line":502,"column":63}},"line":502},"155":{"name":"(anonymous_155)","decl":{"start":{"line":503,"column":22},"end":{"line":503,"column":23}},"loc":{"start":{"line":503,"column":29},"end":{"line":514,"column":17}},"line":503},"156":{"name":"(anonymous_156)","decl":{"start":{"line":511,"column":27},"end":{"line":511,"column":28}},"loc":{"start":{"line":511,"column":33},"end":{"line":511,"column":76}},"line":511},"157":{"name":"(anonymous_157)","decl":{"start":{"line":515,"column":22},"end":{"line":515,"column":23}},"loc":{"start":{"line":515,"column":29},"end":{"line":519,"column":17}},"line":515},"158":{"name":"(anonymous_158)","decl":{"start":{"line":520,"column":22},"end":{"line":520,"column":23}},"loc":{"start":{"line":520,"column":29},"end":{"line":526,"column":17}},"line":520},"159":{"name":"(anonymous_159)","decl":{"start":{"line":530,"column":53},"end":{"line":530,"column":54}},"loc":{"start":{"line":530,"column":59},"end":{"line":568,"column":5}},"line":530},"160":{"name":"(anonymous_160)","decl":{"start":{"line":532,"column":63},"end":{"line":532,"column":64}},"loc":{"start":{"line":533,"column":12},"end":{"line":566,"column":18}},"line":533},"161":{"name":"(anonymous_161)","decl":{"start":{"line":534,"column":22},"end":{"line":534,"column":23}},"loc":{"start":{"line":534,"column":28},"end":{"line":534,"column":63}},"line":534},"162":{"name":"(anonymous_162)","decl":{"start":{"line":535,"column":22},"end":{"line":535,"column":23}},"loc":{"start":{"line":535,"column":29},"end":{"line":545,"column":17}},"line":535},"163":{"name":"(anonymous_163)","decl":{"start":{"line":542,"column":27},"end":{"line":542,"column":28}},"loc":{"start":{"line":542,"column":33},"end":{"line":542,"column":72}},"line":542},"164":{"name":"(anonymous_164)","decl":{"start":{"line":546,"column":22},"end":{"line":546,"column":23}},"loc":{"start":{"line":546,"column":29},"end":{"line":550,"column":17}},"line":546},"165":{"name":"(anonymous_165)","decl":{"start":{"line":551,"column":22},"end":{"line":551,"column":23}},"loc":{"start":{"line":551,"column":29},"end":{"line":566,"column":17}},"line":551},"166":{"name":"(anonymous_166)","decl":{"start":{"line":570,"column":48},"end":{"line":570,"column":49}},"loc":{"start":{"line":570,"column":54},"end":{"line":572,"column":5}},"line":570},"167":{"name":"(anonymous_167)","decl":{"start":{"line":574,"column":54},"end":{"line":574,"column":55}},"loc":{"start":{"line":574,"column":60},"end":{"line":576,"column":5}},"line":574},"168":{"name":"(anonymous_168)","decl":{"start":{"line":578,"column":44},"end":{"line":578,"column":45}},"loc":{"start":{"line":578,"column":50},"end":{"line":604,"column":5}},"line":578},"169":{"name":"(anonymous_169)","decl":{"start":{"line":580,"column":54},"end":{"line":580,"column":55}},"loc":{"start":{"line":581,"column":12},"end":{"line":602,"column":18}},"line":581},"170":{"name":"(anonymous_170)","decl":{"start":{"line":582,"column":22},"end":{"line":582,"column":23}},"loc":{"start":{"line":582,"column":28},"end":{"line":582,"column":63}},"line":582},"171":{"name":"(anonymous_171)","decl":{"start":{"line":583,"column":22},"end":{"line":583,"column":23}},"loc":{"start":{"line":583,"column":29},"end":{"line":593,"column":17}},"line":583},"172":{"name":"(anonymous_172)","decl":{"start":{"line":590,"column":27},"end":{"line":590,"column":28}},"loc":{"start":{"line":590,"column":33},"end":{"line":590,"column":72}},"line":590},"173":{"name":"(anonymous_173)","decl":{"start":{"line":594,"column":22},"end":{"line":594,"column":23}},"loc":{"start":{"line":594,"column":29},"end":{"line":598,"column":17}},"line":594},"174":{"name":"(anonymous_174)","decl":{"start":{"line":599,"column":22},"end":{"line":599,"column":23}},"loc":{"start":{"line":599,"column":29},"end":{"line":602,"column":17}},"line":599},"175":{"name":"(anonymous_175)","decl":{"start":{"line":608,"column":37},"end":{"line":608,"column":38}},"loc":{"start":{"line":608,"column":43},"end":{"line":631,"column":5}},"line":608},"176":{"name":"(anonymous_176)","decl":{"start":{"line":612,"column":47},"end":{"line":612,"column":48}},"loc":{"start":{"line":613,"column":12},"end":{"line":629,"column":18}},"line":613},"177":{"name":"(anonymous_177)","decl":{"start":{"line":614,"column":22},"end":{"line":614,"column":23}},"loc":{"start":{"line":614,"column":28},"end":{"line":614,"column":63}},"line":614},"178":{"name":"(anonymous_178)","decl":{"start":{"line":615,"column":22},"end":{"line":615,"column":23}},"loc":{"start":{"line":615,"column":29},"end":{"line":625,"column":17}},"line":615},"179":{"name":"(anonymous_179)","decl":{"start":{"line":622,"column":27},"end":{"line":622,"column":28}},"loc":{"start":{"line":622,"column":33},"end":{"line":622,"column":72}},"line":622},"180":{"name":"(anonymous_180)","decl":{"start":{"line":626,"column":22},"end":{"line":626,"column":23}},"loc":{"start":{"line":626,"column":29},"end":{"line":629,"column":17}},"line":626},"181":{"name":"(anonymous_181)","decl":{"start":{"line":633,"column":54},"end":{"line":633,"column":55}},"loc":{"start":{"line":633,"column":60},"end":{"line":671,"column":5}},"line":633},"182":{"name":"(anonymous_182)","decl":{"start":{"line":638,"column":62},"end":{"line":638,"column":63}},"loc":{"start":{"line":639,"column":12},"end":{"line":669,"column":18}},"line":639},"183":{"name":"(anonymous_183)","decl":{"start":{"line":640,"column":22},"end":{"line":640,"column":23}},"loc":{"start":{"line":640,"column":28},"end":{"line":640,"column":63}},"line":640},"184":{"name":"(anonymous_184)","decl":{"start":{"line":641,"column":22},"end":{"line":641,"column":23}},"loc":{"start":{"line":641,"column":29},"end":{"line":651,"column":17}},"line":641},"185":{"name":"(anonymous_185)","decl":{"start":{"line":648,"column":27},"end":{"line":648,"column":28}},"loc":{"start":{"line":648,"column":33},"end":{"line":648,"column":72}},"line":648},"186":{"name":"(anonymous_186)","decl":{"start":{"line":652,"column":22},"end":{"line":652,"column":23}},"loc":{"start":{"line":652,"column":29},"end":{"line":656,"column":17}},"line":652},"187":{"name":"(anonymous_187)","decl":{"start":{"line":657,"column":22},"end":{"line":657,"column":23}},"loc":{"start":{"line":657,"column":29},"end":{"line":661,"column":17}},"line":657},"188":{"name":"(anonymous_188)","decl":{"start":{"line":662,"column":22},"end":{"line":662,"column":23}},"loc":{"start":{"line":662,"column":31},"end":{"line":669,"column":17}},"line":662},"189":{"name":"(anonymous_189)","decl":{"start":{"line":673,"column":43},"end":{"line":673,"column":44}},"loc":{"start":{"line":673,"column":48},"end":{"line":675,"column":5}},"line":673},"190":{"name":"(anonymous_190)","decl":{"start":{"line":677,"column":47},"end":{"line":677,"column":48}},"loc":{"start":{"line":677,"column":53},"end":{"line":679,"column":5}},"line":677},"191":{"name":"(anonymous_191)","decl":{"start":{"line":681,"column":48},"end":{"line":681,"column":49}},"loc":{"start":{"line":681,"column":54},"end":{"line":683,"column":5}},"line":681},"192":{"name":"(anonymous_192)","decl":{"start":{"line":685,"column":43},"end":{"line":685,"column":44}},"loc":{"start":{"line":685,"column":49},"end":{"line":687,"column":5}},"line":685},"193":{"name":"(anonymous_193)","decl":{"start":{"line":689,"column":48},"end":{"line":689,"column":49}},"loc":{"start":{"line":689,"column":54},"end":{"line":691,"column":5}},"line":689},"194":{"name":"(anonymous_194)","decl":{"start":{"line":693,"column":39},"end":{"line":693,"column":40}},"loc":{"start":{"line":693,"column":45},"end":{"line":738,"column":5}},"line":693},"195":{"name":"(anonymous_195)","decl":{"start":{"line":699,"column":47},"end":{"line":699,"column":48}},"loc":{"start":{"line":700,"column":12},"end":{"line":736,"column":18}},"line":700},"196":{"name":"(anonymous_196)","decl":{"start":{"line":701,"column":22},"end":{"line":701,"column":23}},"loc":{"start":{"line":701,"column":28},"end":{"line":701,"column":63}},"line":701},"197":{"name":"(anonymous_197)","decl":{"start":{"line":702,"column":22},"end":{"line":702,"column":23}},"loc":{"start":{"line":702,"column":29},"end":{"line":712,"column":17}},"line":702},"198":{"name":"(anonymous_198)","decl":{"start":{"line":709,"column":27},"end":{"line":709,"column":28}},"loc":{"start":{"line":709,"column":33},"end":{"line":709,"column":72}},"line":709},"199":{"name":"(anonymous_199)","decl":{"start":{"line":713,"column":22},"end":{"line":713,"column":23}},"loc":{"start":{"line":713,"column":29},"end":{"line":717,"column":17}},"line":713},"200":{"name":"(anonymous_200)","decl":{"start":{"line":718,"column":22},"end":{"line":718,"column":23}},"loc":{"start":{"line":718,"column":29},"end":{"line":722,"column":17}},"line":718},"201":{"name":"(anonymous_201)","decl":{"start":{"line":723,"column":22},"end":{"line":723,"column":23}},"loc":{"start":{"line":723,"column":31},"end":{"line":732,"column":17}},"line":723},"202":{"name":"(anonymous_202)","decl":{"start":{"line":733,"column":22},"end":{"line":733,"column":23}},"loc":{"start":{"line":733,"column":29},"end":{"line":736,"column":17}},"line":733},"203":{"name":"(anonymous_203)","decl":{"start":{"line":742,"column":43},"end":{"line":742,"column":44}},"loc":{"start":{"line":742,"column":49},"end":{"line":764,"column":5}},"line":742},"204":{"name":"(anonymous_204)","decl":{"start":{"line":745,"column":53},"end":{"line":745,"column":54}},"loc":{"start":{"line":746,"column":12},"end":{"line":762,"column":18}},"line":746},"205":{"name":"(anonymous_205)","decl":{"start":{"line":747,"column":22},"end":{"line":747,"column":23}},"loc":{"start":{"line":747,"column":28},"end":{"line":747,"column":63}},"line":747},"206":{"name":"(anonymous_206)","decl":{"start":{"line":748,"column":22},"end":{"line":748,"column":23}},"loc":{"start":{"line":748,"column":29},"end":{"line":758,"column":17}},"line":748},"207":{"name":"(anonymous_207)","decl":{"
[...]
lumn":33},"end":{"line":263,"column":36}},"line":263},"66":{"name":"(anonymous_66)","decl":{"start":{"line":267,"column":4},"end":{"line":267,"column":5}},"loc":{"start":{"line":267,"column":49},"end":{"line":280,"column":5}},"line":267},"67":{"name":"(anonymous_67)","decl":{"start":{"line":269,"column":18},"end":{"line":269,"column":19}},"loc":{"start":{"line":269,"column":24},"end":{"line":279,"column":13}},"line":269},"68":{"name":"(anonymous_68)","decl":{"start":{"line":277,"column":26},"end":{"line":277,"column":27}},"loc":{"start":{"line":277,"column":33},"end":{"line":277,"column":43}},"line":277},"69":{"name":"(anonymous_69)","decl":{"start":{"line":278,"column":26},"end":{"line":278,"column":27}},"loc":{"start":{"line":278,"column":33},"end":{"line":278,"column":36}},"line":278},"70":{"name":"(anonymous_70)","decl":{"start":{"line":282,"column":4},"end":{"line":282,"column":5}},"loc":{"start":{"line":282,"column":54},"end":{"line":295,"column":5}},"line":282},"71":{"name":"(anonymous_71)","decl":{"start":{"line":284,"column":18},"end":{"line":284,"column":19}},"loc":{"start":{"line":284,"column":24},"end":{"line":294,"column":13}},"line":284},"72":{"name":"(anonymous_72)","decl":{"start":{"line":292,"column":26},"end":{"line":292,"column":27}},"loc":{"start":{"line":292,"column":33},"end":{"line":292,"column":43}},"line":292},"73":{"name":"(anonymous_73)","decl":{"start":{"line":293,"column":26},"end":{"line":293,"column":27}},"loc":{"start":{"line":293,"column":33},"end":{"line":293,"column":36}},"line":293},"74":{"name":"(anonymous_74)","decl":{"start":{"line":297,"column":4},"end":{"line":297,"column":5}},"loc":{"start":{"line":297,"column":34},"end":{"line":309,"column":5}},"line":297},"75":{"name":"(anonymous_75)","decl":{"start":{"line":299,"column":18},"end":{"line":299,"column":19}},"loc":{"start":{"line":299,"column":24},"end":{"line":308,"column":13}},"line":299},"76":{"name":"(anonymous_76)","decl":{"start":{"line":306,"column":26},"end":{"line":306,"column":27}},"loc":{"start":{"line":306,"column":33},"end":{"line":306,"column":43}},"line":306},"77":{"name":"(anonymous_77)","decl":{"start":{"line":307,"column":26},"end":{"line":307,"column":27}},"loc":{"start":{"line":307,"column":33},"end":{"line":307,"column":36}},"line":307},"78":{"name":"(anonymous_78)","decl":{"start":{"line":313,"column":4},"end":{"line":313,"column":5}},"loc":{"start":{"line":313,"column":48},"end":{"line":325,"column":5}},"line":313},"79":{"name":"(anonymous_79)","decl":{"start":{"line":315,"column":18},"end":{"line":315,"column":19}},"loc":{"start":{"line":315,"column":24},"end":{"line":324,"column":13}},"line":315},"80":{"name":"(anonymous_80)","decl":{"start":{"line":322,"column":26},"end":{"line":322,"column":27}},"loc":{"start":{"line":322,"column":33},"end":{"line":322,"column":43}},"line":322},"81":{"name":"(anonymous_81)","decl":{"start":{"line":323,"column":26},"end":{"line":323,"column":27}},"loc":{"start":{"line":323,"column":33},"end":{"line":323,"column":36}},"line":323},"82":{"name":"(anonymous_82)","decl":{"start":{"line":327,"column":4},"end":{"line":327,"column":5}},"loc":{"start":{"line":327,"column":44},"end":{"line":338,"column":5}},"line":327},"83":{"name":"(anonymous_83)","decl":{"start":{"line":329,"column":18},"end":{"line":329,"column":19}},"loc":{"start":{"line":329,"column":24},"end":{"line":337,"column":13}},"line":329},"84":{"name":"(anonymous_84)","decl":{"start":{"line":335,"column":26},"end":{"line":335,"column":27}},"loc":{"start":{"line":335,"column":33},"end":{"line":335,"column":43}},"line":335},"85":{"name":"(anonymous_85)","decl":{"start":{"line":336,"column":26},"end":{"line":336,"column":27}},"loc":{"start":{"line":336,"column":47},"end":{"line":336,"column":58}},"line":336},"86":{"name":"(anonymous_86)","decl":{"start":{"line":340,"column":4},"end":{"line":340,"column":5}},"loc":{"start":{"line":340,"column":48},"end":{"line":352,"column":5}},"line":340},"87":{"name":"(anonymous_87)","decl":{"start":{"line":342,"column":18},"end":{"line":342,"column":19}},"loc":{"start":{"line":342,"column":24},"end":{"line":351,"column":13}},"line":342},"88":{"name":"(anonymous_88)","decl":{"start":{"line":349,"column":26},"end":{"line":349,"column":27}},"loc":{"start":{"line":349,"column":33},"end":{"line":349,"column":43}},"line":349},"89":{"name":"(anonymous_89)","decl":{"start":{"line":350,"column":26},"end":{"line":350,"column":27}},"loc":{"start":{"line":350,"column":46},"end":{"line":350,"column":56}},"line":350},"90":{"name":"(anonymous_90)","decl":{"start":{"line":354,"column":4},"end":{"line":354,"column":5}},"loc":{"start":{"line":354,"column":53},"end":{"line":366,"column":5}},"line":354},"91":{"name":"(anonymous_91)","decl":{"start":{"line":356,"column":18},"end":{"line":356,"column":19}},"loc":{"start":{"line":356,"column":24},"end":{"line":365,"column":13}},"line":356},"92":{"name":"(anonymous_92)","decl":{"start":{"line":363,"column":26},"end":{"line":363,"column":27}},"loc":{"start":{"line":363,"column":33},"end":{"line":363,"column":43}},"line":363},"93":{"name":"(anonymous_93)","decl":{"start":{"line":364,"column":26},"end":{"line":364,"column":27}},"loc":{"start":{"line":364,"column":41},"end":{"line":364,"column":46}},"line":364},"94":{"name":"(anonymous_94)","decl":{"start":{"line":368,"column":4},"end":{"line":368,"column":5}},"loc":{"start":{"line":368,"column":39},"end":{"line":379,"column":5}},"line":368},"95":{"name":"(anonymous_95)","decl":{"start":{"line":370,"column":18},"end":{"line":370,"column":19}},"loc":{"start":{"line":370,"column":24},"end":{"line":378,"column":13}},"line":370},"96":{"name":"(anonymous_96)","decl":{"start":{"line":376,"column":26},"end":{"line":376,"column":27}},"loc":{"start":{"line":376,"column":33},"end":{"line":376,"column":43}},"line":376},"97":{"name":"(anonymous_97)","decl":{"start":{"line":377,"column":26},"end":{"line":377,"column":27}},"loc":{"start":{"line":377,"column":41},"end":{"line":377,"column":46}},"line":377},"98":{"name":"(anonymous_98)","decl":{"start":{"line":381,"column":4},"end":{"line":381,"column":5}},"loc":{"start":{"line":381,"column":57},"end":{"line":393,"column":5}},"line":381},"99":{"name":"(anonymous_99)","decl":{"start":{"line":383,"column":18},"end":{"line":383,"column":19}},"loc":{"start":{"line":383,"column":24},"end":{"line":392,"column":13}},"line":383},"100":{"name":"(anonymous_100)","decl":{"start":{"line":390,"column":26},"end":{"line":390,"column":27}},"loc":{"start":{"line":390,"column":33},"end":{"line":390,"column":43}},"line":390},"101":{"name":"(anonymous_101)","decl":{"start":{"line":391,"column":26},"end":{"line":391,"column":27}},"loc":{"start":{"line":391,"column":33},"end":{"line":391,"column":36}},"line":391},"102":{"name":"(anonymous_102)","decl":{"start":{"line":395,"column":4},"end":{"line":395,"column":5}},"loc":{"start":{"line":395,"column":62},"end":{"line":407,"column":5}},"line":395},"103":{"name":"(anonymous_103)","decl":{"start":{"line":397,"column":18},"end":{"line":397,"column":19}},"loc":{"start":{"line":397,"column":24},"end":{"line":406,"column":13}},"line":397},"104":{"name":"(anonymous_104)","decl":{"start":{"line":404,"column":26},"end":{"line":404,"column":27}},"loc":{"start":{"line":404,"column":33},"end":{"line":404,"column":43}},"line":404},"105":{"name":"(anonymous_105)","decl":{"start":{"line":405,"column":26},"end":{"line":405,"column":27}},"loc":{"start":{"line":405,"column":33},"end":{"line":405,"column":36}},"line":405},"106":{"name":"(anonymous_106)","decl":{"start":{"line":409,"column":4},"end":{"line":409,"column":5}},"loc":{"start":{"line":409,"column":46},"end":{"line":421,"column":5}},"line":409},"107":{"name":"(anonymous_107)","decl":{"start":{"line":411,"column":18},"end":{"line":411,"column":19}},"loc":{"start":{"line":411,"column":24},"end":{"line":420,"column":13}},"line":411},"108":{"name":"(anonymous_108)","decl":{"start":{"line":418,"column":26},"end":{"line":418,"column":27}},"loc":{"start":{"line":418,"column":33},"end":{"line":418,"column":43}},"line":418},"109":{"name":"(anonymous_109)","decl":{"start":{"line":419,"column":26},"end":{"line":419,"column":27}},"loc":{"start":{"line":419,"column":33},"end":{"line":419,"column":36}},"line":419},"110":{"name":"(anonymous_110)","decl":{"start":{"line":423,"column":4},"end":{"line":423,"column":5}},"loc":{"start":{"line":423,"column":45},"end":{"line":434,"column":5}},"line":423},"111":{"name":"(anonymous_111)","decl":{"start":{"line":425,"column":18},"end":{"line":425,"column":19}},"loc":{"start":{"line":425,"column":24},"end":{"line":433,"column":13}},"line":425},"112":{"name":"(anonymous_112)","decl":{"start":{"line":431,"column":26},"end":{"line":431,"column":27}},"loc":{"start":{"line":431,"column":33},"end":{"line":431,"column":43}},"line":431},"113":{"name":"(anonymous_113)","decl":{"start":{"line":432,"column":26},"end":{"line":432,"column":27}},"loc":{"start":{"line":432,"column":33},"end":{"line":432,"column":36}},"line":432},"114":{"name":"(anonymous_114)","decl":{"start":{"line":436,"column":4},"end":{"line":436,"column":5}},"loc":{"start":{"line":436,"column":44},"end":{"line":447,"column":5}},"line":436},"115":{"name":"(anonymous_115)","decl":{"start":{"line":439,"column":18},"end":{"line":439,"column":19}},"loc":{"start":{"line":439,"column":24},"end":{"line":446,"column":13}},"line":439},"116":{"name":"(anonymous_116)","decl":{"start":{"line":444,"column":26},"end":{"line":444,"column":27}},"loc":{"start":{"line":444,"column":33},"end":{"line":444,"column":43}},"line":444},"117":{"name":"(anonymous_117)","decl":{"start":{"line":445,"column":26},"end":{"line":445,"column":27}},"loc":{"start":{"line":445,"column":33},"end":{"line":445,"column":36}},"line":445},"118":{"name":"(anonymous_118)","decl":{"start":{"line":449,"column":4},"end":{"line":449,"column":5}},"loc":{"start":{"line":449,"column":41},"end":{"line":460,"column":5}},"line":449},"119":{"name":"(anonymous_119)","decl":{"start":{"line":451,"column":18},"end":{"line":451,"column":19}},"loc":{"start":{"line":451,"column":24},"end":{"line":459,"column":13}},"line":451},"120":{"name":"(anonymous_120)","decl":{"start":{"line":457,"column":26},"end":{"line":457,"column":27}},"loc":{"start":{"line":457,"column":33},"end":{"line":457,"column":43}},"line":457},"121":{"name":"(anonymous_121)","decl":{"start":{"line":458,"column":26},"end":{"line":458,"column":27}},"loc":{"start":{"line":458,"column":33},"end":{"line":458,"column":36}},"line":458},"122":{"name":"(anonymous_122)","decl":{"start":{"line":462,"column":4},"end":{"line":462,"column":5}},"loc":{"start":{"line":462,"column":80},"end":{"line":473,"column":5}},"line":462},"123":{"name":"(anonymous_123)","decl":{"start":{"line":464,"column":14},"end":{"line":464,"column":15}},"loc":{"start":{"line":464,"column":20},"end":{"line":472,"column":9}},"line":464},"124":{"name":"(anonymous_124)","decl":{"start":{"line":470,"column":22},"end":{"line":470,"column":23}},"loc":{"start":{"line":470,"column":29},"end":{"line":470,"column":39}},"line":470},"125":{"name":"(anonymous_125)","decl":{"start":{"line":471,"column":22},"end":{"line":471,"column":23}},"loc":{"start":{"line":471,"column":31},"end":{"line":471,"column":34}},"line":471}},"branchMap":{"0":{"loc":{"start":{"line":7,"column":8},"end":{"line":7,"column":45}},"type":"if","locations":[{"start":{"line":7,"column":8},"end":{"line":7,"column":45}},{"start":{"line":7,"column":8},"end":{"line":7,"column":45}}],"line":7},"1":{"loc":{"start":{"line":8,"column":8},"end":{"line":8,"column":36}},"type":"if","locations":[{"start":{"line":8,"column":8},"end":{"line":8,"column":36}},{"start":{"line":8,"column":8},"end":{"line":8,"column":36}}],"line":8},"2":{"loc":{"start":{"line":12,"column":16},"end":{"line":18,"column":26}},"type":"if","locations":[{"start":{"line":12,"column":16},"end":{"line":18,"column":26}},{"start":{"line":12,"column":16},"end":{"line":18,"column":26}}],"line":12},"3":{"loc":{"start":{"line":23,"column":8},"end":{"line":23,"column":116}},"type":"if","locations":[{"start":{"line":23,"column":8},"end":{"line":23,"column":116}},{"start":{"line":23,"column":8},"end":{"line":23,"column":116}}],"line":23},"4":{"loc":{"start":{"line":23,"column":12},"end":{"line":23,"column":64}},"type":"binary-expr","locations":[{"start":{"line":23,"column":12},"end":{"line":23,"column":42}},{"start":{"line":23,"column":46},"end":{"line":23,"column":64}}],"line":23},"5":{"loc":{"start":{"line":27,"column":8},"end":{"line":27,"column":118}},"type":"if","locations":[{"start":{"line":27,"column":8},"end":{"line":27,"column":118}},{"start":{"line":27,"column":8},"end":{"line":27,"column":118}}],"line":27},"6":{"loc":{"start":{"line":31,"column":8},"end":{"line":31,"column":57}},"type":"if","locations":[{"start":{"line":31,"column":8},"end":{"line":31,"column":57}},{"start":{"line":31,"column":8},"end":{"line":31,"column":57}}],"line":31},"7":{"loc":{"start":{"line":32,"column":8},"end":{"line":32,"column":64}},"type":"if","locations":[{"start":{"line":32,"column":8},"end":{"line":32,"column":64}},{"start":{"line":32,"column":8},"end":{"line":32,"column":64}}],"line":32},"8":{"loc":{"start":{"line":36,"column":8},"end":{"line":36,"column":100}},"type":"if","locations":[{"start":{"line":36,"column":8},"end":{"line":36,"column":100}},{"start":{"line":36,"column":8},"end":{"line":36,"column":100}}],"line":36},"9":{"loc":{"start":{"line":36,"column":12},"end":{"line":36,"column":53}},"type":"binary-expr","locations":[{"start":{"line":36,"column":12},"end":{"line":36,"column":24}},{"start":{"line":36,"column":28},"end":{"line":36,"column":53}}],"line":36},"10":{"loc":{"start":{"line":74,"column":16},"end":{"line":74,"column":71}},"type":"if","locations":[{"start":{"line":74,"column":16},"end":{"line":74,"column":71}},{"start":{"line":74,"column":16},"end":{"line":74,"column":71}}],"line":74},"11":{"loc":{"start":{"line":88,"column":16},"end":{"line":88,"column":71}},"type":"if","locations":[{"start":{"line":88,"column":16},"end":{"line":88,"column":71}},{"start":{"line":88,"column":16},"end":{"line":88,"column":71}}],"line":88},"12":{"loc":{"start":{"line":105,"column":16},"end":{"line":105,"column":90}},"type":"if","locations":[{"start":{"line":105,"column":16},"end":{"line":105,"column":90}},{"start":{"line":105,"column":16},"end":{"line":105,"column":90}}],"line":105},"13":{"loc":{"start":{"line":109,"column":16},"end":{"line":109,"column":90}},"type":"if","locations":[{"start":{"line":109,"column":16},"end":{"line":109,"column":90}},{"start":{"line":109,"column":16},"end":{"line":109,"column":90}}],"line":109},"14":{"loc":{"start":{"line":109,"column":20},"end":{"line":109,"column":44}},"type":"binary-expr","locations":[{"start":{"line":109,"column":21},"end":{"line":109,"column":29}},{"start":{"line":109,"column":35},"end":{"line":109,"column":43}}],"line":109},"15":{"loc":{"start":{"line":111,"column":16},"end":{"line":111,"column":134}},"type":"if","locations":[{"start":{"line":111,"column":16},"end":{"line":111,"column":134}},{"start":{"line":111,"column":16},"end":{"line":111,"column":134}}],"line":111},"16":{"loc":{"start":{"line":111,"column":20},"end":{"line":111,"column":88}},"type":"binary-expr","locations":[{"start":{"line":111,"column":21},"end":{"line":111,"column":38}},{"start":{"line":111,"column":44},"end":{"line":111,"column":63}},{"start":{"line":111,"column":69},"end":{"line":111,"column":87}}],"line":111},"17":{"loc":{"start":{"line":113,"column":16},"end":{"line":113,"column":101}},"type":"if","locations":[{"start":{"line":113,"column":16},"end":{"line":113,"column":101}},{"start":{"line":113,"column":16},"end":{"line":113,"column":101}}],"line":113},"18":{"loc":{"start":{"line":113,"column":20},"end":{"line":113,"column":52}},"type":"binary-expr","locations":[{"start":{"line":113,"column":21},"end":{"line":113,"column":33}},{"start":{"line":113,"column":39},"end":{"line":113,"column":51}}],"line":113},"19":{"loc":{"start":{"line":115,"column":16},"end":{"line":115,"column":100}},"type":"if","locations":[{"start":{"line":115,"column":16},"end":{"line":115,"column":100}},{"start":{"line":115,"column":16},"end":{"line":115,"column":100}}],"line":115},"20":{"loc":{"start":{"line":115,"column":20},"end":{"line":115,"column":51}},"type":"binary-expr","locations":[{"start":{"line":115,"column":21},"end":{"line":115,"column":32}},{"start":{"line":115,"column":38},"end":{"line":115,"column":50}}],"line":115},"21":{"loc":{"start":{"line":118,"column":16},"end":{"line":118,"column":114}},"type":"if","locations":[{"start":{"line":118,"column":16},"end":{"line":118,"column":114}},{"start":{"line":118,"column":16},"end":{"line":118,"column":114}}],"line":118},"22":{"loc":{"start":{"line":118,"column":20},"end":{"line":118,"column":59}},"type":"binary-expr","locations":[{"start":{"line":118,"column":21},"end":{"line":118,"column":36}},{"start":{"line":118,"column":42},"end":{"line":118,"column":58}}],"line":118}},"s":{"0":1,"1":0,"2":0,"3":0,"4":0,"5":0,"6":0,"7":0,"8":0,"9":0,"10":0,"11":0,"12":0,"13":0,"14":0,"15":0,"16":0,"17":0,"18":0,"19":0,"20":0,"21":0,"22":0,"23":0,"24":0,"25":0,"26":0,"27":0,"28":0,"29":0,"30":0,"31":0,"32":0,"33":0,"34":0,"35":0,"36":0,"37":0,"38":0,"39":0,"40":0,"41":0,"42":0,"43":0,"44":0,"45":0,"46":0,"47":0,"48":0,"49":0,"50":0,"51":0,"52":0,"53":0,"54":0,"55":0,"56":0,"57":0,"58":0,"59":0,"60":0,"61":0,"62":0,"63":0,"64":0,"65":0,"66":0,"67":0,"68":0,"69":0,"70":0,"71":0,"72":0,"73":0,"74":0,"75":0,"76":0,"77":0,"78":0,"79":0,"80":0,"81":0,"82":0,"83":0,"84":0,"85":0,"86":0,"87":0,"88":0,"89":0,"90":0,"91":0,"92":0,"93":0,"94":0,"95":0,"96":0,"97":0,"98":0,"99":0,"100":0,"101":0,"102":0,"103":0,"104":0,"105":0,"106":0,"107":0,"108":0,"109":0,"110":0,"111":0,"112":0,"113":0,"114":0,"115":0,"116":0,"117":0,"118":0,"119":0,"120":0,"121":0,"122":0,"123":0,"124":0,"125":0,"126":0,"127":0,"128":0,"129":0,"130":0,"131":0,"132":0,"133":0,"134":0,"135":0,"136":0,"137":0,"138":0,"139":0,"140":0,"141":0,"142":0,"143":0,"144":0,"145":0,"146":0,"147":0,"148":0,"149":0,"150":0,"151":0,"152":0,"153":0,"154":0,"155":0,"156":0,"157":0,"158":0,"159":0,"160":0,"161":0,"162":0,"163":0,"164":0,"165":0,"166":0,"167":0,"168":0,"169":0,"170":0,"171":0,"172":0,"173":0,"174":0,"175":0,"176":0,"177":0,"178":0,"179":0,"180":0,"181":0,"182":0,"183":0,"184":0,"185":0,"186":0,"187":0,"188":0,"189":0,"190":0,"191":0,"192":0,"193":0,"194":0,"195":0,"196":0,"197":0,"198":0,"199":0,"200":0,"201":0,"202":0,"203":0,"204":0,"205":0,"206":0,"207":0,"208":0,"209":0,"210":0,"211":0,"212":0,"213":0,"214":0,"215":0,"216":0,"217":0,"218":0,"219":0,"220":1},"f":{"0":0,"1":0,"2":0,"3":0,"4":0,"5":0,"6":0,"7":0,"8":0,"9":0,"10":0,"11":0,"12":0,"13":0,"14":0,"15":0,"16":0,"17":0,"18":0,"19":0,"20":0,"21":0,"22":0,"23":0,"24":0,"25":0,"26":0,"27":0,"28":0,"29":0,"30":0,"31":0,"32":0,"33":0,"34":0,"35":0,"36":0,"37":0,"38":0,"39":0,"40":0,"41":0,"42":0,"43":0,"44":0,"45":0,"46":0,"47":0,"48":0,"49":0,"50":0,"51":0,"52":0,"53":0,"54":0,"55":0,"56":0,"57":0,"58":0,"59":0,"60":0,"61":0,"62":0,"63":0,"64":0,"65":0,"66":0,"67":0,"68":0,"69":0,"70":0,"71":0,"72":0,"73":0,"74":0,"75":0,"76":0,"77":0,"78":0,"79":0,"80":0,"81":0,"82":0,"83":0,"84":0,"85":0,"86":0,"87":0,"88":0,"89":0,"90":0,"91":0,"92":0,"93":0,"94":0,"95":0,"96":0,"97":0,"98":0,"99":0,"100":0,"101":0,"102":0,"103":0,"104":0,"105":0,"106":0,"107":0,"108":0,"109":0,"110":0,"111":0,"112":0,"113":0,"114":0,"115":0,"116":0,"117":0,"118":0,"119":0,"120":0,"121":0,"122":0,"123":0,"124":0,"125":0},"b":{"0":[0,0],"1":[0,0],"2":[0,0],"3":[0,0],"4":[0,0],"5":[0,0],"6":[0,0],"7":[0,0],"8":[0,0],"9":[0,0],"10":[0,0],"11":[0,0],"12":[0,0],"13":[0,0],"14":[0,0],"15":[0,0],"16":[0,0,0],"17":[0,0],"18":[0,0],"19":[0,0],"20":[0,0],"21":[0,0],"22":[0,0]},"_coverageSchema":"d34fc3e6b8297bcde183f5492bcb8fcb36775295","hash":"9cd24537ee5d6f5fa0770681df09f3d6b91e5f10","contentHash":"ec13e1f67eebdc85d451d1e3932c1689"}}